Log file open, 07/18/19 02:34:48
LogWindows: Failed to load 'aqProf.dll' (GetLastError=126)
LogWindows: File 'aqProf.dll' does not exist
LogWindows: Failed to load 'VtuneApi.dll' (GetLastError=126)
LogWindows: File 'VtuneApi.dll' does not exist
LogWindows: Failed to load 'VtuneApi32e.dll' (GetLastError=126)
LogWindows: File 'VtuneApi32e.dll' does not exist
LogConsoleResponse: Display: Failed to find resolution value strings in scalability ini. Falling back to default.
LogInit: Display: Running engine for game: Project_Delta
LogPakFile: Registered encryption key '00000000000000000000000000000000': 0 pak files mounted, 0 remain pending
LogPlatformFile: Not using cached read wrapper
LogTaskGraph: Started task graph with 5 named threads and 14 total threads with 3 sets of task threads.
LogStats: Stats thread started at 8.438450
LogD3D11RHI: Loaded GFSDK_Aftermath_Lib.x64.dll
LogICUInternationalization: ICU TimeZone Detection - Raw Offset: -6:00, Platform Override: ''
LogPluginManager: Mounting plugin Paper2D
LogPluginManager: Mounting plugin AISupport
LogPluginManager: Mounting plugin LightPropagationVolume
LogPluginManager: Mounting plugin ActorLayerUtilities
LogPluginManager: Mounting plugin AnimationSharing
LogPluginManager: Mounting plugin CLionSourceCodeAccess
LogPluginManager: Mounting plugin CodeLiteSourceCodeAccess
LogPluginManager: Mounting plugin GitSourceControl
LogPluginManager: Mounting plugin KDevelopSourceCodeAccess
LogPluginManager: Mounting plugin NullSourceCodeAccess
LogPluginManager: Mounting plugin PerforceSourceControl
LogPluginManager: Mounting plugin SubversionSourceControl
LogPluginManager: Mounting plugin UObjectPlugin
LogPluginManager: Mounting plugin VisualStudioCodeSourceCodeAccess
LogPluginManager: Mounting plugin VisualStudioSourceCodeAccess
LogPluginManager: Mounting plugin XCodeSourceCodeAccess
LogPluginManager: Mounting plugin AssetManagerEditor
LogPluginManager: Mounting plugin CryptoKeys
LogPluginManager: Mounting plugin DataValidation
LogPluginManager: Mounting plugin FacialAnimation
LogPluginManager: Mounting plugin GameplayTagsEditor
LogPluginManager: Mounting plugin MacGraphicsSwitching
LogPluginManager: Mounting plugin MaterialAnalyzer
LogPluginManager: Mounting plugin MobileLauncherProfileWizard
LogPluginManager: Mounting plugin PluginBrowser
LogPluginManager: Mounting plugin SpeedTreeImporter
LogPluginManager: Mounting plugin DatasmithContent
LogPluginManager: Mounting plugin VariantManagerContent
LogPluginManager: Mounting plugin AlembicImporter
LogPluginManager: Mounting plugin AppleImageUtils
LogPluginManager: Mounting plugin AppleVision
LogPluginManager: Mounting plugin BackChannel
LogPluginManager: Mounting plugin CharacterAI
LogPluginManager: Mounting plugin GeometryCache
LogPluginManager: Mounting plugin HTML5Networking
LogPluginManager: Mounting plugin ProxyLODPlugin
LogPluginManager: Mounting plugin SkeletalReduction
LogPluginManager: Mounting plugin MagicLeap
LogPluginManager: Mounting plugin MagicLeapMedia
LogPluginManager: Mounting plugin AndroidMedia
LogPluginManager: Mounting plugin AvfMedia
LogPluginManager: Mounting plugin ImgMedia
LogPluginManager: Mounting plugin LinearTimecode
LogPluginManager: Mounting plugin MediaCompositing
LogPluginManager: Mounting plugin MediaPlayerEditor
LogPluginManager: Mounting plugin WebMMedia
LogPluginManager: Mounting plugin WmfMedia
LogPluginManager: Mounting plugin TcpMessaging
LogPluginManager: Mounting plugin UdpMessaging
LogPluginManager: Mounting plugin ActorSequence
LogPluginManager: Mounting plugin LevelSequenceEditor
LogPluginManager: Mounting plugin MatineeToLevelSequence
LogPluginManager: Mounting plugin NetcodeUnitTest
LogPluginManager: Mounting plugin NUTUnrealEngine4
LogPluginManager: Mounting plugin OnlineSubsystemGooglePlay
LogPluginManager: Mounting plugin OnlineSubsystemIOS
LogPluginManager: Mounting plugin OnlineSubsystem
LogPluginManager: Mounting plugin OnlineSubsystemNull
LogPluginManager: Mounting plugin OnlineSubsystemUtils
LogPluginManager: Mounting plugin LauncherChunkInstaller
LogPluginManager: Mounting plugin AndroidDeviceProfileSelector
LogPluginManager: Mounting plugin AndroidMoviePlayer
LogPluginManager: Mounting plugin AndroidPermission
LogPluginManager: Mounting plugin AppleMoviePlayer
LogPluginManager: Mounting plugin ArchVisCharacter
LogPluginManager: Mounting plugin AudioCapture
LogPluginManager: Mounting plugin CableComponent
LogPluginManager: Mounting plugin CustomMeshComponent
LogPluginManager: Mounting plugin EditableMesh
LogPluginManager: Mounting plugin ExampleDeviceProfileSelector
LogPluginManager: Mounting plugin Firebase
LogPluginManager: Mounting plugin GoogleCloudMessaging
LogPluginManager: Mounting plugin IOSDeviceProfileSelector
LogPluginManager: Mounting plugin LinuxDeviceProfileSelector
LogPluginManager: Mounting plugin LocationServicesBPLibrary
LogPluginManager: Mounting plugin MobilePatchingUtils
LogPluginManager: Mounting plugin OculusVR
LogPluginManager: Mounting plugin PhysXVehicles
LogPluginManager: Mounting plugin ProceduralMeshComponent
LogPluginManager: Mounting plugin RuntimePhysXCooking
LogPluginManager: Mounting plugin SignificanceManager
LogPluginManager: Mounting plugin SteamVR
LogPluginManager: Mounting plugin WebMMoviePlayer
LogPluginManager: Mounting plugin WindowsMoviePlayer
LogInit: Using libcurl 7.55.1-DEV
LogInit:  - built for x86_64-pc-win32
LogInit:  - supports SSL with OpenSSL/1.1.1
LogInit:  - supports HTTP deflate (compression) using libz 1.2.8
LogInit:  - other features:
LogInit:      CURL_VERSION_SSL
LogInit:      CURL_VERSION_LIBZ
LogInit:      CURL_VERSION_IPV6
LogInit:      CURL_VERSION_ASYNCHDNS
LogInit:      CURL_VERSION_LARGEFILE
LogInit:      CURL_VERSION_IDN
LogInit:  CurlRequestOptions (configurable via config and command line):
LogInit:  - bVerifyPeer = true  - Libcurl will verify peer certificate
LogInit:  - bUseHttpProxy = false  - Libcurl will NOT use HTTP proxy
LogInit:  - bDontReuseConnections = false  - Libcurl will reuse connections
LogInit:  - MaxHostConnections = 16  - Libcurl will limit the number of connections to a host
LogInit:  - LocalHostAddr = Default
LogInit:  - BufferSize = 65536
LogInit: WinSock: version 1.1 (2.2), MaxSocks=32767, MaxUdp=65467
LogInit: Build: ++UE4+Release-4.22-CL-7053642
LogInit: Engine Version: 4.22.3-7053642+++UE4+Release-4.22
LogInit: Compatible Engine Version: 4.22.0-5660361+++UE4+Release-4.22
LogInit: Net CL: 5660361
LogInit: OS: Windows 10 (Release 1903) (), CPU: AMD A8-7410 APU with AMD Radeon R5 Graphics    , GPU: AMD Radeon(TM) R5 Graphics
LogInit: Compiled (64-bit): Jun 18 2019 03:09:11
LogInit: Compiled with Visual C++: 19.16.27025.01
LogInit: Build Configuration: Development
LogInit: Branch Name: ++UE4+Release-4.22
LogInit: Command Line: 
LogInit: Base Directory: C:/Program Files/Epic Games/UE_4.22/Engine/Binaries/Win64/
LogInit: Installed Engine Build: 1
LogDevObjectVersion: Number of dev versions registered: 23
LogDevObjectVersion:   Dev-Blueprints (B0D832E4-1F89-4F0D-ACCF-7EB736FD4AA2): 10
LogDevObjectVersion:   Dev-Build (E1C64328-A22C-4D53-A36C-8E866417BD8C): 0
LogDevObjectVersion:   Dev-Core (375EC13C-06E4-48FB-B500-84F0262A717E): 3
LogDevObjectVersion:   Dev-Editor (E4B068ED-F494-42E9-A231-DA0B2E46BB41): 30
LogDevObjectVersion:   Dev-Framework (CFFC743F-43B0-4480-9391-14DF171D2073): 35
LogDevObjectVersion:   Dev-Mobile (B02B49B5-BB20-44E9-A304-32B752E40360): 2
LogDevObjectVersion:   Dev-Networking (A4E4105C-59A1-49B5-A7C5-40C4547EDFEE): 0
LogDevObjectVersion:   Dev-Online (39C831C9-5AE6-47DC-9A44-9C173E1C8E7C): 0
LogDevObjectVersion:   Dev-Physics (78F01B33-EBEA-4F98-B9B4-84EACCB95AA2): 0
LogDevObjectVersion:   Dev-Platform (6631380F-2D4D-43E0-8009-CF276956A95A): 0
LogDevObjectVersion:   Dev-Rendering (12F88B9F-8875-4AFC-A67C-D90C383ABD29): 28
LogDevObjectVersion:   Dev-Sequencer (7B5AE74C-D270-4C10-A958-57980B212A5A): 11
LogDevObjectVersion:   Dev-VR (D7296918-1DD6-4BDD-9DE2-64A83CC13884): 2
LogDevObjectVersion:   Dev-LoadTimes (C2A15278-BFE7-4AFE-6C17-90FF531DF755): 1
LogDevObjectVersion:   Private-Geometry (6EACA3D4-40EC-4CC1-B786-8BED09428FC5): 3
LogDevObjectVersion:   Dev-AnimPhys (29E575DD-E0A3-4627-9D10-D276232CDCEA): 17
LogDevObjectVersion:   Dev-Anim (AF43A65D-7FD3-4947-9873-3E8ED9C1BB05): 2
LogDevObjectVersion:   Dev-ReflectionCapture (6B266CEC-1EC7-4B8F-A30B-E4D90942FC07): 1
LogDevObjectVersion:   Dev-Automation (0DF73D61-A23F-47EA-B727-89E90C41499A): 1
LogDevObjectVersion:   FortniteMain (601D1886-AC64-4F84-AA16-D3DE0DEAC7D6): 25
LogDevObjectVersion:   Dev-Enterprise (9DFFBCD6-494F-0158-E221-12823C92A888): 6
LogDevObjectVersion:   Dev-Niagara (F2AED0AC-9AFE-416F-8664-AA7FFA26D6FC): 1
LogDevObjectVersion:   Dev-Destruction (174F1F0B-B4C6-45A5-B13F-2EE8D0FB917D): 2
LogInit: Presizing for max 16777216 objects, including 0 objects not considered by GC, pre-allocating 0 bytes for permanent pool.
LogInit: Object subsystem initialized
LogConfig: Setting CVar [[con.DebugEarlyDefault:1]]
LogConfig: Setting CVar [[r.setres:1280x720]]
[2019.07.18-07.34.56:898][  0]LogConfig: Setting CVar [[r.VSync:0]]
[2019.07.18-07.34.56:898][  0]LogConfig: Setting CVar [[r.RHICmdBypass:0]]
[2019.07.18-07.34.56:898][  0]LogConfig: Applying CVar settings from Section [/Script/Engine.RendererSettings] File [C:/Users/rober/Desktop/PenForged Games/Project_Delta/Project Delta Prototype/Project_Delta/Saved/Config/Windows/Engine.ini]
[2019.07.18-07.34.56:898][  0]LogConfig: Setting CVar [[r.GPUCrashDebugging:0]]
[2019.07.18-07.34.56:898][  0]LogConfig: Applying CVar settings from Section [/Script/Engine.RendererOverrideSettings] File [C:/Users/rober/Desktop/PenForged Games/Project_Delta/Project Delta Prototype/Project_Delta/Saved/Config/Windows/Engine.ini]
[2019.07.18-07.34.56:900][  0]LogConfig: Applying CVar settings from Section [/Script/Engine.StreamingSettings] File [C:/Users/rober/Desktop/PenForged Games/Project_Delta/Project Delta Prototype/Project_Delta/Saved/Config/Windows/Engine.ini]
[2019.07.18-07.34.56:900][  0]LogConfig: Setting CVar [[s.MinBulkDataSizeForAsyncLoading:131072]]
[2019.07.18-07.34.56:900][  0]LogConfig: Setting CVar [[s.AsyncLoadingThreadEnabled:0]]
[2019.07.18-07.34.56:900][  0]LogConfig: Setting CVar [[s.EventDrivenLoaderEnabled:1]]
[2019.07.18-07.34.56:900][  0]LogConfig: Setting CVar [[s.WarnIfTimeLimitExceeded:0]]
[2019.07.18-07.34.56:900][  0]LogConfig: Setting CVar [[s.TimeLimitExceededMultiplier:1.5]]
[2019.07.18-07.34.56:900][  0]LogConfig: Setting CVar [[s.TimeLimitExceededMinTime:0.005]]
[2019.07.18-07.34.56:900][  0]LogConfig: Setting CVar [[s.UseBackgroundLevelStreaming:1]]
[2019.07.18-07.34.56:900][  0]LogConfig: Setting CVar [[s.PriorityAsyncLoadingExtraTime:15.0]]
[2019.07.18-07.34.56:900][  0]LogConfig: Setting CVar [[s.LevelStreamingActorsUpdateTimeLimit:5.0]]
[2019.07.18-07.34.56:900][  0]LogConfig: Setting CVar [[s.PriorityLevelStreamingActorsUpdateExtraTime:5.0]]
[2019.07.18-07.34.56:900][  0]LogConfig: Setting CVar [[s.LevelStreamingComponentsRegistrationGranularity:10]]
[2019.07.18-07.34.56:900][  0]LogConfig: Setting CVar [[s.UnregisterComponentsTimeLimit:1.0]]
[2019.07.18-07.34.56:900][  0]LogConfig: Setting CVar [[s.LevelStreamingComponentsUnregistrationGranularity:5]]
[2019.07.18-07.34.56:900][  0]LogConfig: Applying CVar settings from Section [/Script/Engine.GarbageCollectionSettings] File [C:/Users/rober/Desktop/PenForged Games/Project_Delta/Project Delta Prototype/Project_Delta/Saved/Config/Windows/Engine.ini]
[2019.07.18-07.34.56:900][  0]LogConfig: Setting CVar [[gc.MaxObjectsNotConsideredByGC:1]]
[2019.07.18-07.34.56:900][  0]LogConfig: Setting CVar [[gc.SizeOfPermanentObjectPool:0]]
[2019.07.18-07.34.56:900][  0]LogConfig: Setting CVar [[gc.FlushStreamingOnGC:0]]
[2019.07.18-07.34.56:900][  0]LogConfig: Setting CVar [[gc.NumRetriesBeforeForcingGC:10]]
[2019.07.18-07.34.56:900][  0]LogConfig: Setting CVar [[gc.AllowParallelGC:1]]
[2019.07.18-07.34.56:900][  0]LogConfig: Setting CVar [[gc.TimeBetweenPurgingPendingKillObjects:61.1]]
[2019.07.18-07.34.56:900][  0]LogConfig: Setting CVar [[gc.MaxObjectsInEditor:16777216]]
[2019.07.18-07.34.56:900][  0]LogConfig: Setting CVar [[gc.IncrementalBeginDestroyEnabled:1]]
[2019.07.18-07.34.56:900][  0]LogConfig: Setting CVar [[gc.CreateGCClusters:1]]
[2019.07.18-07.34.56:900][  0]LogConfig: Setting CVar [[gc.MinGCClusterSize:5]]
[2019.07.18-07.34.56:900][  0]LogConfig: Setting CVar [[gc.ActorClusteringEnabled:0]]
[2019.07.18-07.34.56:900][  0]LogConfig: Setting CVar [[gc.BlueprintClusteringEnabled:0]]
[2019.07.18-07.34.56:900][  0]LogConfig: Setting CVar [[gc.UseDisregardForGCOnDedicatedServers:0]]
[2019.07.18-07.34.56:900][  0]LogConfig: Applying CVar settings from Section [/Script/Engine.NetworkSettings] File [C:/Users/rober/Desktop/PenForged Games/Project_Delta/Project Delta Prototype/Project_Delta/Saved/Config/Windows/Engine.ini]
[2019.07.18-07.34.56:900][  0]LogConfig: Applying CVar settings from Section [/Script/UnrealEd.CookerSettings] File [C:/Users/rober/Desktop/PenForged Games/Project_Delta/Project Delta Prototype/Project_Delta/Saved/Config/Windows/Engine.ini]
[2019.07.18-07.34.57:041][  0]LogConfig: Applying CVar settings from Section [ViewDistanceQuality@3] File [C:/Users/rober/Desktop/PenForged Games/Project_Delta/Project Delta Prototype/Project_Delta/Saved/Config/Windows/Scalability.ini]
[2019.07.18-07.34.57:041][  0]LogConfig: Setting CVar [[r.SkeletalMeshLODBias:0]]
[2019.07.18-07.34.57:041][  0]LogConfig: Setting CVar [[r.ViewDistanceScale:1.0]]
[2019.07.18-07.34.57:041][  0]LogConfig: Applying CVar settings from Section [AntiAliasingQuality@3] File [C:/Users/rober/Desktop/PenForged Games/Project_Delta/Project Delta Prototype/Project_Delta/Saved/Config/Windows/Scalability.ini]
[2019.07.18-07.34.57:041][  0]LogConfig: Setting CVar [[r.PostProcessAAQuality:4]]
[2019.07.18-07.34.57:041][  0]LogConfig: Applying CVar settings from Section [ShadowQuality@3] File [C:/Users/rober/Desktop/PenForged Games/Project_Delta/Project Delta Prototype/Project_Delta/Saved/Config/Windows/Scalability.ini]
[2019.07.18-07.34.57:042][  0]LogConfig: Setting CVar [[r.LightFunctionQuality:1]]
[2019.07.18-07.34.57:042][  0]LogConfig: Setting CVar [[r.ShadowQuality:5]]
[2019.07.18-07.34.57:042][  0]LogConfig: Setting CVar [[r.Shadow.CSM.MaxCascades:10]]
[2019.07.18-07.34.57:042][  0]LogConfig: Setting CVar [[r.Shadow.MaxResolution:2048]]
[2019.07.18-07.34.57:042][  0]LogConfig: Setting CVar [[r.Shadow.MaxCSMResolution:2048]]
[2019.07.18-07.34.57:042][  0]LogConfig: Setting CVar [[r.Shadow.RadiusThreshold:0.01]]
[2019.07.18-07.34.57:042][  0]LogConfig: Setting CVar [[r.Shadow.DistanceScale:1.0]]
[2019.07.18-07.34.57:042][  0]LogConfig: Setting CVar [[r.Shadow.CSM.TransitionScale:1.0]]
[2019.07.18-07.34.57:042][  0]LogConfig: Setting CVar [[r.Shadow.PreShadowResolutionFactor:1.0]]
[2019.07.18-07.34.57:042][  0]LogConfig: Setting CVar [[r.DistanceFieldShadowing:1]]
[2019.07.18-07.34.57:042][  0]LogConfig: Setting CVar [[r.DistanceFieldAO:1]]
[2019.07.18-07.34.57:042][  0]LogConfig: Setting CVar [[r.AOQuality:2]]
[2019.07.18-07.34.57:042][  0]LogConfig: Setting CVar [[r.VolumetricFog:1]]
[2019.07.18-07.34.57:042][  0]LogConfig: Setting CVar [[r.VolumetricFog.GridPixelSize:8]]
[2019.07.18-07.34.57:042][  0]LogConfig: Setting CVar [[r.VolumetricFog.GridSizeZ:128]]
[2019.07.18-07.34.57:042][  0]LogConfig: Setting CVar [[r.VolumetricFog.HistoryMissSupersampleCount:4]]
[2019.07.18-07.34.57:042][  0]LogConfig: Setting CVar [[r.LightMaxDrawDistanceScale:1]]
[2019.07.18-07.34.57:042][  0]LogConfig: Setting CVar [[r.CapsuleShadows:1]]
[2019.07.18-07.34.57:042][  0]LogConfig: Applying CVar settings from Section [PostProcessQuality@3] File [C:/Users/rober/Desktop/PenForged Games/Project_Delta/Project Delta Prototype/Project_Delta/Saved/Config/Windows/Scalability.ini]
[2019.07.18-07.34.57:042][  0]LogConfig: Setting CVar [[r.MotionBlurQuality:4]]
[2019.07.18-07.34.57:042][  0]LogConfig: Setting CVar [[r.AmbientOcclusionMipLevelFactor:0.4]]
[2019.07.18-07.34.57:042][  0]LogConfig: Setting CVar [[r.AmbientOcclusionMaxQuality:100]]
[2019.07.18-07.34.57:042][  0]LogConfig: Setting CVar [[r.AmbientOcclusionLevels:-1]]
[2019.07.18-07.34.57:042][  0]LogConfig: Setting CVar [[r.AmbientOcclusionRadiusScale:1.0]]
[2019.07.18-07.34.57:042][  0]LogConfig: Setting CVar [[r.DepthOfFieldQuality:2]]
[2019.07.18-07.34.57:042][  0]LogConfig: Setting CVar [[r.RenderTargetPoolMin:400]]
[2019.07.18-07.34.57:042][  0]LogConfig: Setting CVar [[r.LensFlareQuality:2]]
[2019.07.18-07.34.57:043][  0]LogConfig: Setting CVar [[r.SceneColorFringeQuality:1]]
[2019.07.18-07.34.57:043][  0]LogConfig: Setting CVar [[r.EyeAdaptationQuality:2]]
[2019.07.18-07.34.57:043][  0]LogConfig: Setting CVar [[r.BloomQuality:5]]
[2019.07.18-07.34.57:043][  0]LogConfig: Setting CVar [[r.FastBlurThreshold:100]]
[2019.07.18-07.34.57:043][  0]LogConfig: Setting CVar [[r.Upscale.Quality:3]]
[2019.07.18-07.34.57:043][  0]LogConfig: Setting CVar [[r.Tonemapper.GrainQuantization:1]]
[2019.07.18-07.34.57:043][  0]LogConfig: Setting CVar [[r.LightShaftQuality:1]]
[2019.07.18-07.34.57:043][  0]LogConfig: Setting CVar [[r.Filter.SizeScale:1]]
[2019.07.18-07.34.57:043][  0]LogConfig: Setting CVar [[r.Tonemapper.Quality:5]]
[2019.07.18-07.34.57:043][  0]LogConfig: Setting CVar [[r.DOF.Gather.AccumulatorQuality:1        ; higher gathering accumulator quality]]
[2019.07.18-07.34.57:043][  0]LogConfig: Setting CVar [[r.DOF.Gather.PostfilterMethod:1          ; Median3x3 postfilering method]]
[2019.07.18-07.34.57:043][  0]LogConfig: Setting CVar [[r.DOF.Gather.EnableBokehSettings:0       ; no bokeh simulation when gathering]]
[2019.07.18-07.34.57:043][  0]LogConfig: Setting CVar [[r.DOF.Gather.RingCount:4                 ; medium number of samples when gathering]]
[2019.07.18-07.34.57:043][  0]LogConfig: Setting CVar [[r.DOF.Scatter.ForegroundCompositing:1    ; additive foreground scattering]]
[2019.07.18-07.34.57:043][  0]LogConfig: Setting CVar [[r.DOF.Scatter.BackgroundCompositing:2    ; additive background scattering]]
[2019.07.18-07.34.57:043][  0]LogConfig: Setting CVar [[r.DOF.Scatter.EnableBokehSettings:1      ; bokeh simulation when scattering]]
[2019.07.18-07.34.57:043][  0]LogConfig: Setting CVar [[r.DOF.Scatter.MaxSpriteRatio:0.1         ; only a maximum of 10% of scattered bokeh]]
[2019.07.18-07.34.57:043][  0]LogConfig: Setting CVar [[r.DOF.Recombine.Quality:1                ; cheap slight out of focus]]
[2019.07.18-07.34.57:043][  0]LogConfig: Setting CVar [[r.DOF.Recombine.EnableBokehSettings:0    ; no bokeh simulation on slight out of focus]]
[2019.07.18-07.34.57:043][  0]LogConfig: Setting CVar [[r.DOF.TemporalAAQuality:1                ; more stable temporal accumulation]]
[2019.07.18-07.34.57:043][  0]LogConfig: Setting CVar [[r.DOF.Kernel.MaxForegroundRadius:0.025]]
[2019.07.18-07.34.57:043][  0]LogConfig: Setting CVar [[r.DOF.Kernel.MaxBackgroundRadius:0.025]]
[2019.07.18-07.34.57:043][  0]LogConfig: Applying CVar settings from Section [TextureQuality@3] File [C:/Users/rober/Desktop/PenForged Games/Project_Delta/Project Delta Prototype/Project_Delta/Saved/Config/Windows/Scalability.ini]
[2019.07.18-07.34.57:043][  0]LogConfig: Setting CVar [[r.Streaming.MipBias:0]]
[2019.07.18-07.34.57:043][  0]LogConfig: Setting CVar [[r.Streaming.AmortizeCPUToGPUCopy:0]]
[2019.07.18-07.34.57:043][  0]LogConfig: Setting CVar [[r.Streaming.MaxNumTexturesToStreamPerFrame:0]]
[2019.07.18-07.34.57:043][  0]LogConfig: Setting CVar [[r.Streaming.Boost:1]]
[2019.07.18-07.34.57:044][  0]LogConfig: Setting CVar [[r.MaxAnisotropy:8]]
[2019.07.18-07.34.57:044][  0]LogConfig: Setting CVar [[r.Streaming.LimitPoolSizeToVRAM:0]]
[2019.07.18-07.34.57:044][  0]LogConfig: Setting CVar [[r.Streaming.PoolSize:1000]]
[2019.07.18-07.34.57:044][  0]LogConfig: Setting CVar [[r.Streaming.MaxEffectiveScreenSize:0]]
[2019.07.18-07.34.57:044][  0]LogConfig: Applying CVar settings from Section [EffectsQuality@3] File [C:/Users/rober/Desktop/PenForged Games/Project_Delta/Project Delta Prototype/Project_Delta/Saved/Config/Windows/Scalability.ini]
[2019.07.18-07.34.57:044][  0]LogConfig: Setting CVar [[r.TranslucencyLightingVolumeDim:64]]
[2019.07.18-07.34.57:044][  0]LogConfig: Setting CVar [[r.RefractionQuality:2]]
[2019.07.18-07.34.57:044][  0]LogConfig: Setting CVar [[r.SSR.Quality:3]]
[2019.07.18-07.34.57:044][  0]LogConfig: Setting CVar [[r.SceneColorFormat:4]]
[2019.07.18-07.34.57:044][  0]LogConfig: Setting CVar [[r.DetailMode:2]]
[2019.07.18-07.34.57:044][  0]LogConfig: Setting CVar [[r.TranslucencyVolumeBlur:1]]
[2019.07.18-07.34.57:044][  0]LogConfig: Setting CVar [[r.MaterialQualityLevel:1 ; High quality]]
[2019.07.18-07.34.57:044][  0]LogConfig: Setting CVar [[r.SSS.Scale:1]]
[2019.07.18-07.34.57:044][  0]LogConfig: Setting CVar [[r.SSS.SampleSet:2]]
[2019.07.18-07.34.57:044][  0]LogConfig: Setting CVar [[r.SSS.Quality:1]]
[2019.07.18-07.34.57:044][  0]LogConfig: Setting CVar [[r.SSS.HalfRes:1]]
[2019.07.18-07.34.57:044][  0]LogConfig: Setting CVar [[r.EmitterSpawnRateScale:1.0]]
[2019.07.18-07.34.57:044][  0]LogConfig: Setting CVar [[r.ParticleLightQuality:2]]
[2019.07.18-07.34.57:044][  0]LogConfig: Applying CVar settings from Section [FoliageQuality@3] File [C:/Users/rober/Desktop/PenForged Games/Project_Delta/Project Delta Prototype/Project_Delta/Saved/Config/Windows/Scalability.ini]
[2019.07.18-07.34.57:044][  0]LogConfig: Setting CVar [[foliage.DensityScale:1.0]]
[2019.07.18-07.34.57:044][  0]LogConfig: Setting CVar [[grass.DensityScale:1.0]]
[2019.07.18-07.34.57:107][  0]LogInit: Selected Device Profile: [Windows]
[2019.07.18-07.34.57:107][  0]LogInit: Applying CVar settings loaded from the selected device profile: [Windows]
[2019.07.18-07.34.57:416][  0]LogHAL: Display: Platform has ~ 7 GB [7418257408 / 8589934592 / 7], which maps to Smaller [LargestMinGB=32, LargerMinGB=12, DefaultMinGB=8, SmallerMinGB=6, SmallestMinGB=0)
[2019.07.18-07.34.57:428][  0]LogConfig: Setting CVar [[r.Vulkan.UseRealUBs:0		; Required until we fix HLR fall-out]]
[2019.07.18-07.34.57:429][  0]LogInit: Going up to parent DeviceProfile []
[2019.07.18-07.34.57:438][  0]LogConfig: Applying CVar settings from Section [ViewDistanceQuality@0] File [C:/Users/rober/Desktop/PenForged Games/Project_Delta/Project Delta Prototype/Project_Delta/Saved/Config/Windows/Scalability.ini]
[2019.07.18-07.34.57:438][  0]LogConfig: Setting CVar [[r.SkeletalMeshLODBias:2]]
[2019.07.18-07.34.57:438][  0]LogConfig: Setting CVar [[r.ViewDistanceScale:0.4]]
[2019.07.18-07.34.57:438][  0]LogConfig: Applying CVar settings from Section [AntiAliasingQuality@3] File [C:/Users/rober/Desktop/PenForged Games/Project_Delta/Project Delta Prototype/Project_Delta/Saved/Config/Windows/Scalability.ini]
[2019.07.18-07.34.57:438][  0]LogConfig: Setting CVar [[r.PostProcessAAQuality:4]]
[2019.07.18-07.34.57:438][  0]LogConfig: Applying CVar settings from Section [ShadowQuality@3] File [C:/Users/rober/Desktop/PenForged Games/Project_Delta/Project Delta Prototype/Project_Delta/Saved/Config/Windows/Scalability.ini]
[2019.07.18-07.34.57:438][  0]LogConfig: Setting CVar [[r.LightFunctionQuality:1]]
[2019.07.18-07.34.57:438][  0]LogConfig: Setting CVar [[r.ShadowQuality:5]]
[2019.07.18-07.34.57:438][  0]LogConfig: Setting CVar [[r.Shadow.CSM.MaxCascades:10]]
[2019.07.18-07.34.57:438][  0]LogConfig: Setting CVar [[r.Shadow.MaxResolution:2048]]
[2019.07.18-07.34.57:438][  0]LogConfig: Setting CVar [[r.Shadow.MaxCSMResolution:2048]]
[2019.07.18-07.34.57:438][  0]LogConfig: Setting CVar [[r.Shadow.RadiusThreshold:0.01]]
[2019.07.18-07.34.57:438][  0]LogConfig: Setting CVar [[r.Shadow.DistanceScale:1.0]]
[2019.07.18-07.34.57:438][  0]LogConfig: Setting CVar [[r.Shadow.CSM.TransitionScale:1.0]]
[2019.07.18-07.34.57:438][  0]LogConfig: Setting CVar [[r.Shadow.PreShadowResolutionFactor:1.0]]
[2019.07.18-07.34.57:438][  0]LogConfig: Setting CVar [[r.DistanceFieldShadowing:1]]
[2019.07.18-07.34.57:438][  0]LogConfig: Setting CVar [[r.DistanceFieldAO:1]]
[2019.07.18-07.34.57:438][  0]LogConfig: Setting CVar [[r.AOQuality:2]]
[2019.07.18-07.34.57:438][  0]LogConfig: Setting CVar [[r.VolumetricFog:1]]
[2019.07.18-07.34.57:438][  0]LogConfig: Setting CVar [[r.VolumetricFog.GridPixelSize:8]]
[2019.07.18-07.34.57:438][  0]LogConfig: Setting CVar [[r.VolumetricFog.GridSizeZ:128]]
[2019.07.18-07.34.57:438][  0]LogConfig: Setting CVar [[r.VolumetricFog.HistoryMissSupersampleCount:4]]
[2019.07.18-07.34.57:439][  0]LogConfig: Setting CVar [[r.LightMaxDrawDistanceScale:1]]
[2019.07.18-07.34.57:439][  0]LogConfig: Setting CVar [[r.CapsuleShadows:1]]
[2019.07.18-07.34.57:439][  0]LogConfig: Applying CVar settings from Section [PostProcessQuality@3] File [C:/Users/rober/Desktop/PenForged Games/Project_Delta/Project Delta Prototype/Project_Delta/Saved/Config/Windows/Scalability.ini]
[2019.07.18-07.34.57:439][  0]LogConfig: Setting CVar [[r.MotionBlurQuality:4]]
[2019.07.18-07.34.57:439][  0]LogConfig: Setting CVar [[r.AmbientOcclusionMipLevelFactor:0.4]]
[2019.07.18-07.34.57:439][  0]LogConfig: Setting CVar [[r.AmbientOcclusionMaxQuality:100]]
[2019.07.18-07.34.57:439][  0]LogConfig: Setting CVar [[r.AmbientOcclusionLevels:-1]]
[2019.07.18-07.34.57:439][  0]LogConfig: Setting CVar [[r.AmbientOcclusionRadiusScale:1.0]]
[2019.07.18-07.34.57:439][  0]LogConfig: Setting CVar [[r.DepthOfFieldQuality:2]]
[2019.07.18-07.34.57:439][  0]LogConfig: Setting CVar [[r.RenderTargetPoolMin:400]]
[2019.07.18-07.34.57:439][  0]LogConfig: Setting CVar [[r.LensFlareQuality:2]]
[2019.07.18-07.34.57:439][  0]LogConfig: Setting CVar [[r.SceneColorFringeQuality:1]]
[2019.07.18-07.34.57:439][  0]LogConfig: Setting CVar [[r.EyeAdaptationQuality:2]]
[2019.07.18-07.34.57:439][  0]LogConfig: Setting CVar [[r.BloomQuality:5]]
[2019.07.18-07.34.57:439][  0]LogConfig: Setting CVar [[r.FastBlurThreshold:100]]
[2019.07.18-07.34.57:439][  0]LogConfig: Setting CVar [[r.Upscale.Quality:3]]
[2019.07.18-07.34.57:439][  0]LogConfig: Setting CVar [[r.Tonemapper.GrainQuantization:1]]
[2019.07.18-07.34.57:439][  0]LogConfig: Setting CVar [[r.LightShaftQuality:1]]
[2019.07.18-07.34.57:439][  0]LogConfig: Setting CVar [[r.Filter.SizeScale:1]]
[2019.07.18-07.34.57:439][  0]LogConfig: Setting CVar [[r.Tonemapper.Quality:5]]
[2019.07.18-07.34.57:439][  0]LogConfig: Setting CVar [[r.DOF.Gather.AccumulatorQuality:1        ; higher gathering accumulator quality]]
[2019.07.18-07.34.57:439][  0]LogConfig: Setting CVar [[r.DOF.Gather.PostfilterMethod:1          ; Median3x3 postfilering method]]
[2019.07.18-07.34.57:439][  0]LogConfig: Setting CVar [[r.DOF.Gather.EnableBokehSettings:0       ; no bokeh simulation when gathering]]
[2019.07.18-07.34.57:439][  0]LogConfig: Setting CVar [[r.DOF.Gather.RingCount:4                 ; medium number of samples when gathering]]
[2019.07.18-07.34.57:439][  0]LogConfig: Setting CVar [[r.DOF.Scatter.ForegroundCompositing:1    ; additive foreground scattering]]
[2019.07.18-07.34.57:440][  0]LogConfig: Setting CVar [[r.DOF.Scatter.BackgroundCompositing:2    ; additive background scattering]]
[2019.07.18-07.34.57:440][  0]LogConfig: Setting CVar [[r.DOF.Scatter.EnableBokehSettings:1      ; bokeh simulation when scattering]]
[2019.07.18-07.34.57:440][  0]LogConfig: Setting CVar [[r.DOF.Scatter.MaxSpriteRatio:0.1         ; only a maximum of 10% of scattered bokeh]]
[2019.07.18-07.34.57:440][  0]LogConfig: Setting CVar [[r.DOF.Recombine.Quality:1                ; cheap slight out of focus]]
[2019.07.18-07.34.57:440][  0]LogConfig: Setting CVar [[r.DOF.Recombine.EnableBokehSettings:0    ; no bokeh simulation on slight out of focus]]
[2019.07.18-07.34.57:440][  0]LogConfig: Setting CVar [[r.DOF.TemporalAAQuality:1                ; more stable temporal accumulation]]
[2019.07.18-07.34.57:440][  0]LogConfig: Setting CVar [[r.DOF.Kernel.MaxForegroundRadius:0.025]]
[2019.07.18-07.34.57:440][  0]LogConfig: Setting CVar [[r.DOF.Kernel.MaxBackgroundRadius:0.025]]
[2019.07.18-07.34.57:440][  0]LogConfig: Applying CVar settings from Section [TextureQuality@3] File [C:/Users/rober/Desktop/PenForged Games/Project_Delta/Project Delta Prototype/Project_Delta/Saved/Config/Windows/Scalability.ini]
[2019.07.18-07.34.57:440][  0]LogConfig: Setting CVar [[r.Streaming.MipBias:0]]
[2019.07.18-07.34.57:440][  0]LogConfig: Setting CVar [[r.Streaming.AmortizeCPUToGPUCopy:0]]
[2019.07.18-07.34.57:440][  0]LogConfig: Setting CVar [[r.Streaming.MaxNumTexturesToStreamPerFrame:0]]
[2019.07.18-07.34.57:440][  0]LogConfig: Setting CVar [[r.Streaming.Boost:1]]
[2019.07.18-07.34.57:440][  0]LogConfig: Setting CVar [[r.MaxAnisotropy:8]]
[2019.07.18-07.34.57:440][  0]LogConfig: Setting CVar [[r.Streaming.LimitPoolSizeToVRAM:0]]
[2019.07.18-07.34.57:440][  0]LogConfig: Setting CVar [[r.Streaming.PoolSize:1000]]
[2019.07.18-07.34.57:440][  0]LogConfig: Setting CVar [[r.Streaming.MaxEffectiveScreenSize:0]]
[2019.07.18-07.34.57:440][  0]LogConfig: Applying CVar settings from Section [EffectsQuality@0] File [C:/Users/rober/Desktop/PenForged Games/Project_Delta/Project Delta Prototype/Project_Delta/Saved/Config/Windows/Scalability.ini]
[2019.07.18-07.34.57:440][  0]LogConfig: Setting CVar [[r.TranslucencyLightingVolumeDim:24]]
[2019.07.18-07.34.57:440][  0]LogConfig: Setting CVar [[r.RefractionQuality:0]]
[2019.07.18-07.34.57:440][  0]LogConfig: Setting CVar [[r.SSR.Quality:0]]
[2019.07.18-07.34.57:440][  0]LogConfig: Setting CVar [[r.SceneColorFormat:3]]
[2019.07.18-07.34.57:440][  0]LogConfig: Setting CVar [[r.DetailMode:0]]
[2019.07.18-07.34.57:440][  0]LogConfig: Setting CVar [[r.TranslucencyVolumeBlur:0]]
[2019.07.18-07.34.57:440][  0]LogConfig: Setting CVar [[r.MaterialQualityLevel:0 ; Low quality]]
[2019.07.18-07.34.57:440][  0]LogConfig: Setting CVar [[r.SSS.Scale:0]]
[2019.07.18-07.34.57:441][  0]LogConfig: Setting CVar [[r.SSS.SampleSet:0]]
[2019.07.18-07.34.57:441][  0]LogConfig: Setting CVar [[r.SSS.Quality:0]]
[2019.07.18-07.34.57:441][  0]LogConfig: Setting CVar [[r.SSS.HalfRes:1]]
[2019.07.18-07.34.57:441][  0]LogConfig: Setting CVar [[r.EmitterSpawnRateScale:0.125]]
[2019.07.18-07.34.57:441][  0]LogConfig: Setting CVar [[r.ParticleLightQuality:0]]
[2019.07.18-07.34.57:441][  0]LogConfig: Applying CVar settings from Section [FoliageQuality@3] File [C:/Users/rober/Desktop/PenForged Games/Project_Delta/Project Delta Prototype/Project_Delta/Saved/Config/Windows/Scalability.ini]
[2019.07.18-07.34.57:441][  0]LogConfig: Setting CVar [[foliage.DensityScale:1.0]]
[2019.07.18-07.34.57:441][  0]LogConfig: Setting CVar [[grass.DensityScale:1.0]]
[2019.07.18-07.34.57:441][  0]LogConfig: Applying CVar settings from Section [Startup] File [../../../Engine/Config/ConsoleVariables.ini]
[2019.07.18-07.34.57:467][  0]LogConfig: Setting CVar [[net.UseAdaptiveNetUpdateFrequency:0]]
[2019.07.18-07.34.57:467][  0]LogConfig: Setting CVar [[p.chaos.AllowCreatePhysxBodies:1]]
[2019.07.18-07.34.57:467][  0]LogConfig: Applying CVar settings from Section [ConsoleVariables] File [C:/Users/rober/Desktop/PenForged Games/Project_Delta/Project Delta Prototype/Project_Delta/Saved/Config/Windows/Engine.ini]
[2019.07.18-07.34.57:507][  0]LogInit: Computer: LAPTOP-OLTKUF23
[2019.07.18-07.34.57:507][  0]LogInit: User: rober
[2019.07.18-07.34.57:507][  0]LogInit: CPU Page size=4096, Cores=4
[2019.07.18-07.34.57:507][  0]LogInit: High frequency timer resolution =10.000000 MHz
[2019.07.18-07.34.57:518][  0]LogMemory: Memory total: Physical=6.9GB (7GB approx)
[2019.07.18-07.34.57:518][  0]LogMemory: Platform Memory Stats for Windows
[2019.07.18-07.34.57:518][  0]LogMemory: Process Physical Memory: 100.88 MB used, 100.88 MB peak
[2019.07.18-07.34.57:518][  0]LogMemory: Process Virtual Memory: 91.99 MB used, 91.99 MB peak
[2019.07.18-07.34.57:518][  0]LogMemory: Physical Memory: 3822.53 MB used,  3252.07 MB free, 7074.60 MB total
[2019.07.18-07.34.57:518][  0]LogMemory: Virtual Memory: 4633.44 MB used,  134213096.00 MB free, 134217728.00 MB total
[2019.07.18-07.34.59:502][  0]LogInit: Using OS detected language (en-US).
[2019.07.18-07.34.59:502][  0]LogInit: Using OS detected locale (en-US).
[2019.07.18-07.34.59:512][  0]LogTextLocalizationManager: No specific localization for 'en-US' exists, so the 'en' localization will be used.
[2019.07.18-07.35.01:373][  0]LogInit: Setting process to per monitor DPI aware
[2019.07.18-07.35.02:643][  0]LogSlate: New Slate User Created.  User Index 0, Is Virtual User: 0
[2019.07.18-07.35.02:643][  0]LogSlate: Slate User Registered.  User Index 0, Is Virtual User: 0
[2019.07.18-07.35.14:782][  0]LogHMD: Failed to initialize OpenVR with code 110
[2019.07.18-07.35.14:782][  0]LogD3D11RHI: D3D11 adapters:
[2019.07.18-07.35.14:912][  0]LogD3D11RHI:    0. 'AMD Radeon(TM) R5 Graphics' (Feature Level 11_0)
[2019.07.18-07.35.14:912][  0]LogD3D11RHI:       1007/0/3537 MB DedicatedVideo/DedicatedSystem/SharedSystem, Outputs:1, VendorId:0x1002
[2019.07.18-07.35.14:920][  0]LogD3D11RHI:    1. 'Microsoft Basic Render Driver' (Feature Level 11_0)
[2019.07.18-07.35.14:920][  0]LogD3D11RHI:       0/0/3537 MB DedicatedVideo/DedicatedSystem/SharedSystem, Outputs:0, VendorId:0x1414
[2019.07.18-07.35.14:920][  0]LogD3D11RHI: Chosen D3D11 Adapter: 0
[2019.07.18-07.35.14:954][  0]LogD3D11RHI: Creating new Direct3DDevice
[2019.07.18-07.35.14:954][  0]LogD3D11RHI:     GPU DeviceId: 0x9851 (for the marketing name, search the web for "GPU Device Id")
[2019.07.18-07.35.14:955][  0]LogWindows: EnumDisplayDevices:
[2019.07.18-07.35.14:955][  0]LogWindows:    0. 'AMD Radeon(TM) R5 Graphics' (P:1 D:1)
[2019.07.18-07.35.14:956][  0]LogWindows:    1. 'AMD Radeon(TM) R5 Graphics' (P:0 D:0)
[2019.07.18-07.35.14:957][  0]LogWindows: DebugString: FoundDriverCount:2 
[2019.07.18-07.35.14:957][  0]LogD3D11RHI:     Adapter Name: AMD Radeon(TM) R5 Graphics
[2019.07.18-07.35.14:957][  0]LogD3D11RHI:   Driver Version: Crimson ReLive 17.1.1 (internal:21.19.512.0, unified:21.19.512.0)
[2019.07.18-07.35.14:957][  0]LogD3D11RHI:      Driver Date: 3-21-2017
[2019.07.18-07.35.14:957][  0]LogRHI: Texture pool is 705 MB (70% of 1007 MB)
[2019.07.18-07.35.15:567][  0]LogD3D11RHI: Async texture creation enabled
[2019.07.18-07.35.15:791][  0]LogRendererCore: FGlobalReadBuffer::InitRHI
[2019.07.18-07.35.15:798][  0]LogRendererCore: FGlobalReadBuffer::InitRHI
[2019.07.18-07.35.15:798][  0]LogRendererCore: FGlobalReadBuffer::InitRHI
[2019.07.18-07.35.15:892][  0]LogD3D11RHI: GPU Timing Frequency: 100.000000 (Debug: 2 1)
[2019.07.18-07.35.19:530][  0]LogTemp: Display: Module 'AllDesktopTargetPlatform' loaded TargetPlatform 'AllDesktop'
[2019.07.18-07.35.19:591][  0]LogTemp: Display: Module 'MacClientTargetPlatform' loaded TargetPlatform 'MacClient'
[2019.07.18-07.35.19:706][  0]LogTemp: Display: Module 'MacNoEditorTargetPlatform' loaded TargetPlatform 'MacNoEditor'
[2019.07.18-07.35.19:765][  0]LogTemp: Display: Module 'MacServerTargetPlatform' loaded TargetPlatform 'MacServer'
[2019.07.18-07.35.19:861][  0]LogTemp: Display: Module 'MacTargetPlatform' loaded TargetPlatform 'Mac'
[2019.07.18-07.35.19:993][  0]LogTemp: Display: Module 'WindowsClientTargetPlatform' loaded TargetPlatform 'WindowsClient'
[2019.07.18-07.35.20:050][  0]LogTemp: Display: Module 'WindowsNoEditorTargetPlatform' loaded TargetPlatform 'WindowsNoEditor'
[2019.07.18-07.35.20:102][  0]LogTemp: Display: Module 'WindowsServerTargetPlatform' loaded TargetPlatform 'WindowsServer'
[2019.07.18-07.35.20:133][  0]LogTemp: Display: Module 'WindowsTargetPlatform' loaded TargetPlatform 'Windows'
[2019.07.18-07.35.20:528][  0]LogTemp: Display: Module 'AndroidTargetPlatform' loaded TargetPlatform 'Android'
[2019.07.18-07.35.20:528][  0]LogTemp: Display: Module 'AndroidTargetPlatform' loaded TargetPlatform 'Android_ASTC'
[2019.07.18-07.35.20:528][  0]LogTemp: Display: Module 'AndroidTargetPlatform' loaded TargetPlatform 'Android_ATC'
[2019.07.18-07.35.20:528][  0]LogTemp: Display: Module 'AndroidTargetPlatform' loaded TargetPlatform 'Android_DXT'
[2019.07.18-07.35.20:528][  0]LogTemp: Display: Module 'AndroidTargetPlatform' loaded TargetPlatform 'Android_ETC1'
[2019.07.18-07.35.20:529][  0]LogTemp: Display: Module 'AndroidTargetPlatform' loaded TargetPlatform 'Android_ETC1a'
[2019.07.18-07.35.20:529][  0]LogTemp: Display: Module 'AndroidTargetPlatform' loaded TargetPlatform 'Android_ETC2'
[2019.07.18-07.35.20:529][  0]LogTemp: Display: Module 'AndroidTargetPlatform' loaded TargetPlatform 'Android_PVRTC'
[2019.07.18-07.35.20:529][  0]LogTemp: Display: Module 'AndroidTargetPlatform' loaded TargetPlatform 'AndroidClient'
[2019.07.18-07.35.20:529][  0]LogTemp: Display: Module 'AndroidTargetPlatform' loaded TargetPlatform 'Android_ASTCClient'
[2019.07.18-07.35.20:529][  0]LogTemp: Display: Module 'AndroidTargetPlatform' loaded TargetPlatform 'Android_ATCClient'
[2019.07.18-07.35.20:529][  0]LogTemp: Display: Module 'AndroidTargetPlatform' loaded TargetPlatform 'Android_DXTClient'
[2019.07.18-07.35.20:529][  0]LogTemp: Display: Module 'AndroidTargetPlatform' loaded TargetPlatform 'Android_ETC1Client'
[2019.07.18-07.35.20:529][  0]LogTemp: Display: Module 'AndroidTargetPlatform' loaded TargetPlatform 'Android_ETC1aClient'
[2019.07.18-07.35.20:529][  0]LogTemp: Display: Module 'AndroidTargetPlatform' loaded TargetPlatform 'Android_ETC2Client'
[2019.07.18-07.35.20:529][  0]LogTemp: Display: Module 'AndroidTargetPlatform' loaded TargetPlatform 'Android_PVRTCClient'
[2019.07.18-07.35.20:529][  0]LogTemp: Display: Module 'AndroidTargetPlatform' loaded TargetPlatform 'Android_Multi'
[2019.07.18-07.35.20:529][  0]LogTemp: Display: Module 'AndroidTargetPlatform' loaded TargetPlatform 'Android_MultiClient'
[2019.07.18-07.35.20:555][  0]LogTemp: Display: Module 'HTML5TargetPlatform' loaded TargetPlatform 'HTML5'
[2019.07.18-07.35.20:833][  0]LogTemp: Display: Module 'IOSTargetPlatform' loaded TargetPlatform 'IOSClient'
[2019.07.18-07.35.20:833][  0]LogTemp: Display: Module 'IOSTargetPlatform' loaded TargetPlatform 'IOS'
[2019.07.18-07.35.20:964][  0]LogTemp: Display: Module 'TVOSTargetPlatform' loaded TargetPlatform 'TVOSClient'
[2019.07.18-07.35.20:964][  0]LogTemp: Display: Module 'TVOSTargetPlatform' loaded TargetPlatform 'TVOS'
[2019.07.18-07.35.21:017][  0]LogTemp: Display: Module 'LinuxClientTargetPlatform' loaded TargetPlatform 'LinuxClient'
[2019.07.18-07.35.21:066][  0]LogTemp: Display: Module 'LinuxNoEditorTargetPlatform' loaded TargetPlatform 'LinuxNoEditor'
[2019.07.18-07.35.21:113][  0]LogTemp: Display: Module 'LinuxServerTargetPlatform' loaded TargetPlatform 'LinuxServer'
[2019.07.18-07.35.21:271][  0]LogTemp: Display: Module 'LinuxTargetPlatform' loaded TargetPlatform 'Linux'
[2019.07.18-07.35.21:441][  0]LogTemp: Display: Module 'LuminTargetPlatform' loaded TargetPlatform 'Lumin'
[2019.07.18-07.35.21:441][  0]LogTemp: Display: Module 'LuminTargetPlatform' loaded TargetPlatform 'LuminClient'
[2019.07.18-07.35.21:442][  0]LogTargetPlatformManager: Display: Building Assets For Windows
[2019.07.18-07.35.21:713][  0]LogAudioDebug: Display: Lib vorbis DLL was dynamically loaded.
[2019.07.18-07.35.22:739][  0]LogShaderCompilers: Guid format shader working directory is -60 characters bigger than the processId version (../../../../../../Users/rober/Desktop/PenForged Games/Project_Delta/Project Delta Prototype/Project_Delta/Intermediate/Shaders/WorkingDirectory/11192/).
[2019.07.18-07.35.22:740][  0]LogShaderCompilers: Cleaned the shader compiler working directory 'C:/Users/rober/AppData/Local/Temp/UnrealShaderWorkingDir/4391793C4AE3D43F33FB7B90D4543C90/'.
[2019.07.18-07.35.22:884][  0]LogXGEController: Cleaning working directory: C:/Users/rober/AppData/Local/Temp/UnrealXGEWorkingDir/
[2019.07.18-07.35.22:885][  0]LogXGEController: Cannot use XGE Controller as Incredibuild is not installed on this machine.
[2019.07.18-07.35.22:885][  0]LogShaderCompilers: Cannot use XGE Shader Compiler as Incredibuild is not installed on this machine.
[2019.07.18-07.35.22:885][  0]LogShaderCompilers: Display: Using Local Shader Compiler.
[2019.07.18-07.35.34:486][  0]LogDerivedDataCache: Display: Max Cache Size: 512 MB
[2019.07.18-07.35.35:919][  0]LogDerivedDataCache: Loaded boot cache 1.41s 71MB C:/Users/rober/AppData/Local/UnrealEngine/4.22/DerivedDataCache/Boot.ddc.
[2019.07.18-07.35.35:919][  0]LogDerivedDataCache: Display: Loaded Boot cache: C:/Users/rober/AppData/Local/UnrealEngine/4.22/DerivedDataCache/Boot.ddc
[2019.07.18-07.35.35:919][  0]LogDerivedDataCache: FDerivedDataBackendGraph:  Pak pak cache file ../../../../../../Users/rober/Desktop/PenForged Games/Project_Delta/Project Delta Prototype/Project_Delta/DerivedDataCache/DDC.ddp not found, will not use a pak cache.
[2019.07.18-07.35.35:919][  0]LogDerivedDataCache: Unable to find inner node Pak for hierarchical cache Hierarchy.
[2019.07.18-07.35.35:919][  0]LogDerivedDataCache: FDerivedDataBackendGraph:  CompressedPak pak cache file ../../../../../../Users/rober/Desktop/PenForged Games/Project_Delta/Project Delta Prototype/Project_Delta/DerivedDataCache/Compressed.ddp not found, will not use a pak cache.
[2019.07.18-07.35.35:919][  0]LogDerivedDataCache: Unable to find inner node CompressedPak for hierarchical cache Hierarchy.
[2019.07.18-07.35.36:448][  0]LogDerivedDataCache: Display: Pak cache opened for reading ../../../Engine/DerivedDataCache/Compressed.ddp.
[2019.07.18-07.35.36:448][  0]LogDerivedDataCache: FDerivedDataBackendGraph:  EnterprisePak pak cache file ../../../Enterprise/DerivedDataCache/Compressed.ddp not found, will not use a pak cache.
[2019.07.18-07.35.36:448][  0]LogDerivedDataCache: Unable to find inner node EnterprisePak for hierarchical cache Hierarchy.
[2019.07.18-07.35.36:546][  0]LogDerivedDataCache: Using Local data cache path C:/Users/rober/AppData/Local/UnrealEngine/Common/DerivedDataCache: Writable
[2019.07.18-07.35.36:546][  0]LogDerivedDataCache: Shared data cache path not found in *engine.ini, will not use an Shared cache.
[2019.07.18-07.35.36:546][  0]LogDerivedDataCache: Unable to find inner node Shared for hierarchical cache Hierarchy.
[2019.07.18-07.35.36:842][  0]LogMaterial: Verifying Global Shaders for PCD3D_SM5
[2019.07.18-07.35.36:979][  0]LogSlate: Using FreeType 2.6.0
[2019.07.18-07.35.37:147][  0]LogSlate: SlateFontServices - WITH_FREETYPE: 1, WITH_HARFBUZZ: 1
[2019.07.18-07.35.41:308][  0]LogAssetRegistry: FAssetRegistry took 0.0729 seconds to start up
[2019.07.18-07.35.46:138][  0]LogInit: Selected Device Profile: [Windows]
[2019.07.18-07.35.49:437][  0]LogMeshReduction: Using QuadricMeshReduction for automatic static mesh reduction
[2019.07.18-07.35.49:437][  0]LogMeshReduction: Using SimplygonMeshReduction for automatic skeletal mesh reduction
[2019.07.18-07.35.49:437][  0]LogMeshReduction: Using ProxyLODMeshReduction for automatic mesh merging
[2019.07.18-07.35.49:437][  0]LogMeshReduction: No distributed automatic mesh merging module available
[2019.07.18-07.35.49:455][  0]LogMeshMerging: No distributed automatic mesh merging module available
[2019.07.18-07.35.50:204][  0]LogNetVersion: Project_Delta 1.0.0, NetCL: 5660361, EngineNetVer: 10, GameNetVer: 0 (Checksum: 7883489)
[2019.07.18-07.36.04:251][  0]LogPackageLocalizationCache: Processed 10 localized package path(s) for 1 prioritized culture(s) in 0.239793 seconds
[2019.07.18-07.36.04:295][  0]LogUObjectArray: 42205 objects as part of root set at end of initial load.
[2019.07.18-07.36.04:295][  0]LogUObjectAllocator: 7325032 out of 0 bytes used by permanent object pool.
[2019.07.18-07.36.04:295][  0]LogUObjectArray: CloseDisregardForGC: 0/0 objects in disregard for GC pool
[2019.07.18-07.36.49:147][  0]LogTcpMessaging: Initializing TcpMessaging bridge
[2019.07.18-07.36.49:280][  0]LogUdpMessaging: Initializing bridge on interface 0.0.0.0:0 to multicast group 230.0.0.1:6666.
[2019.07.18-07.36.50:974][  0]SourceControl: Source control is disabled
[2019.07.18-07.36.50:988][  0]SourceControl: Source control is disabled
[2019.07.18-07.36.51:278][  0]SourceControl: Source control is disabled
[2019.07.18-07.36.51:404][  0]SourceControl: Source control is disabled
[2019.07.18-07.36.53:972][  0]LogAndroidPermission: UAndroidPermissionCallbackProxy::GetInstance
[2019.07.18-07.36.54:800][  0]LogOcInput: OculusInput pre-init called
[2019.07.18-07.37.02:348][  0]LogEngine: Initializing Engine...
[2019.07.18-07.37.02:402][  0]LogHMD: Failed to initialize OpenVR with code 110
[2019.07.18-07.37.02:533][  0]LogStats: UGameplayTagsManager::InitializeManager -  0.012 s
[2019.07.18-07.37.05:662][  0]LogInit: Initializing FReadOnlyCVARCache
[2019.07.18-07.37.06:843][  0]LogAIModule: Creating AISystem for world Untitled
[2019.07.18-07.37.07:515][  0]LogInit: XAudio2 using 'Speakers (Realtek High Definition Audio)' : 2 channels at 48 kHz using 32 bits per sample (channel mask 0x3)
[2019.07.18-07.37.08:114][  0]LogInit: FAudioDevice initialized.
[2019.07.18-07.37.08:132][  0]LogNetVersion: Set ProjectVersion to 1.0.0.0. Version Checksum will be recalculated on next use.
[2019.07.18-07.37.08:506][  0]LogDerivedDataCache: Saved boot cache 0.37s 71MB C:/Users/rober/AppData/Local/UnrealEngine/4.22/DerivedDataCache/Boot.ddc.
[2019.07.18-07.37.08:530][  0]LogInit: Texture streaming: Enabled
[2019.07.18-07.37.08:938][  0]LogEngineSessionManager: EngineSessionManager initialized
[2019.07.18-07.37.10:532][  0]LogInit: Transaction tracking system initialized
[2019.07.18-07.37.12:753][  0]BlueprintLog: New page: Editor Load
[2019.07.18-07.37.22:886][  0]LocalizationService: Localization service is disabled
[2019.07.18-07.37.40:186][  0]LogFileCache: Scanning file cache for directory 'C:/Users/rober/Desktop/PenForged Games/Project_Delta/Project Delta Prototype/Project_Delta/Content/' took 0.17s
[2019.07.18-07.37.40:186][  0]LogCook: Display: Max memory allowance for cook 16384mb min free memory 0mb
[2019.07.18-07.37.40:219][  0]LogCook: Display: Mobile HDR setting 1
[2019.07.18-07.37.51:746][  0]SourceControl: Source control is disabled
[2019.07.18-07.37.52:143][  0]LightingResults: New page: Lighting Build
[2019.07.18-07.37.53:422][  0]MapCheck: New page: Map Check
[2019.07.18-07.37.53:422][  0]LightingResults: New page: Lighting Build
[2019.07.18-07.37.56:715][  0]LogUObjectHash: Compacting FUObjectHashTables data took  33.17ms
[2019.07.18-07.38.20:131][  0]LogBlueprint: Warning: [Compiler BP_Wagon] Input Axis Event references unknown Axis 'DriveRight' for  InputAxis DriveRight
[2019.07.18-07.38.20:131][  0]LogBlueprint: Warning: [Compiler BP_Wagon] Input Axis Event references unknown Axis 'DriveForward' for  InputAxis DriveForward
[2019.07.18-07.38.21:719][  0]LogBlueprint: Warning: [Compiler BP_Wagon] [0246.67] Compile of BP_Wagon successful, but with 2 Warning(s) [in 3,373 ms] (/Game/PFG_Content/Interactables/Mounts/Wagon/WagonUndercarage/BP_Wagon.BP_Wagon)
[2019.07.18-07.38.37:512][  0]LogAIModule: Creating AISystem for world FirstPersonExampleMap
[2019.07.18-07.38.44:890][  0]LogEditorServer: Finished looking for orphan Actors (0.000 secs)
[2019.07.18-07.38.46:137][  0]LogUObjectHash: Compacting FUObjectHashTables data took   5.98ms
[2019.07.18-07.38.46:289][  0]Cmd: MAP CHECKDEP NOCLEARLOG
[2019.07.18-07.38.46:390][  0]MapCheck: Map check complete: 0 Error(s), 0 Warning(s), took 57.686ms to complete.
[2019.07.18-07.38.46:410][  0]LogFileHelpers: Loading map 'FirstPersonExampleMap' took 54.567
[2019.07.18-07.39.00:076][  0]LogSlate: Updating window title bar state: overlay mode, drag disabled, window buttons hidden, title bar hidden
[2019.07.18-07.39.00:257][  0]LogSlate: Updating window title bar state: overlay mode, drag disabled, window buttons hidden, title bar hidden
[2019.07.18-07.39.00:278][  0]LogSlate: Updating window title bar state: overlay mode, drag disabled, window buttons hidden, title bar hidden
[2019.07.18-07.39.00:300][  0]LogSlate: Updating window title bar state: overlay mode, drag disabled, window buttons hidden, title bar hidden
[2019.07.18-07.39.01:204][  0]LogCollectionManager: Loaded 0 collections in 0.004812 seconds
[2019.07.18-07.39.03:190][  0]LogFileCache: Scanning file cache for directory 'C:/Users/rober/Desktop/PenForged Games/Project_Delta/Project Delta Prototype/Project_Delta/Saved/Collections/' took 0.01s
[2019.07.18-07.39.03:190][  0]LogFileCache: Scanning file cache for directory 'C:/Users/rober/Desktop/PenForged Games/Project_Delta/Project Delta Prototype/Project_Delta/Content/Developers/rober/Collections/' took 0.01s
[2019.07.18-07.39.03:190][  0]LogFileCache: Scanning file cache for directory 'C:/Users/rober/Desktop/PenForged Games/Project_Delta/Project Delta Prototype/Project_Delta/Content/Collections/' took 0.00s
[2019.07.18-07.39.03:190][  0]LogCollectionManager: Rebuilt the GUID cache for 0 collections in 0.000001 seconds
[2019.07.18-07.39.03:654][  0]LogContentBrowser: Native class hierarchy populated in 0.3375 seconds. Added 2732 classes and 659 folders.
[2019.07.18-07.39.04:776][  0]LogContentBrowser: Native class hierarchy updated for 'WidgetCarousel' in 0.0007 seconds. Added 0 classes and 0 folders.
[2019.07.18-07.39.05:116][  0]LogPakFile: Registered encryption key '00000000000000000000000000000000': 0 pak files mounted, 0 remain pending
[2019.07.18-07.39.05:546][  0]LogPakFile: Registered encryption key '00000000000000000000000000000000': 0 pak files mounted, 0 remain pending
[2019.07.18-07.39.05:611][  0]LogPakFile: Registered encryption key '00000000000000000000000000000000': 0 pak files mounted, 0 remain pending
[2019.07.18-07.39.05:723][  0]LogPakFile: Registered encryption key '00000000000000000000000000000000': 0 pak files mounted, 0 remain pending
[2019.07.18-07.39.05:753][  0]LogPakFile: Registered encryption key '00000000000000000000000000000000': 0 pak files mounted, 0 remain pending
[2019.07.18-07.39.05:826][  0]LogPakFile: Registered encryption key '00000000000000000000000000000000': 0 pak files mounted, 0 remain pending
[2019.07.18-07.39.05:855][  0]LogPakFile: Registered encryption key '00000000000000000000000000000000': 0 pak files mounted, 0 remain pending
[2019.07.18-07.39.05:906][  0]LogPakFile: Registered encryption key '00000000000000000000000000000000': 0 pak files mounted, 0 remain pending
[2019.07.18-07.39.06:046][  0]LogPakFile: Registered encryption key '00000000000000000000000000000000': 0 pak files mounted, 0 remain pending
[2019.07.18-07.39.06:372][  0]LogPakFile: Registered encryption key '00000000000000000000000000000000': 0 pak files mounted, 0 remain pending
[2019.07.18-07.39.06:449][  0]LogPakFile: Registered encryption key '00000000000000000000000000000000': 0 pak files mounted, 0 remain pending
[2019.07.18-07.39.06:547][  0]LogPakFile: Registered encryption key '00000000000000000000000000000000': 0 pak files mounted, 0 remain pending
[2019.07.18-07.39.06:673][  0]LogPakFile: Registered encryption key '00000000000000000000000000000000': 0 pak files mounted, 0 remain pending
[2019.07.18-07.39.06:727][  0]LogPakFile: Registered encryption key '00000000000000000000000000000000': 0 pak files mounted, 0 remain pending
[2019.07.18-07.39.06:775][  0]LogPakFile: Registered encryption key '00000000000000000000000000000000': 0 pak files mounted, 0 remain pending
[2019.07.18-07.39.07:027][  0]LogPakFile: Registered encryption key '00000000000000000000000000000000': 0 pak files mounted, 0 remain pending
[2019.07.18-07.39.07:113][  0]LogPakFile: Registered encryption key '00000000000000000000000000000000': 0 pak files mounted, 0 remain pending
[2019.07.18-07.39.07:250][  0]LogPakFile: Registered encryption key '00000000000000000000000000000000': 0 pak files mounted, 0 remain pending
[2019.07.18-07.39.07:306][  0]LogPakFile: Registered encryption key '00000000000000000000000000000000': 0 pak files mounted, 0 remain pending
[2019.07.18-07.39.07:360][  0]LogPakFile: Registered encryption key '00000000000000000000000000000000': 0 pak files mounted, 0 remain pending
[2019.07.18-07.39.07:399][  0]LogPakFile: Registered encryption key '00000000000000000000000000000000': 0 pak files mounted, 0 remain pending
[2019.07.18-07.39.07:435][  0]LogPakFile: Registered encryption key '00000000000000000000000000000000': 0 pak files mounted, 0 remain pending
[2019.07.18-07.39.07:589][  0]LogPakFile: Registered encryption key '00000000000000000000000000000000': 0 pak files mounted, 0 remain pending
[2019.07.18-07.39.07:633][  0]LogPakFile: Registered encryption key '00000000000000000000000000000000': 0 pak files mounted, 0 remain pending
[2019.07.18-07.39.07:674][  0]LogPakFile: Registered encryption key '00000000000000000000000000000000': 0 pak files mounted, 0 remain pending
[2019.07.18-07.39.07:748][  0]LogPakFile: Registered encryption key '00000000000000000000000000000000': 0 pak files mounted, 0 remain pending
[2019.07.18-07.39.10:395][  0]LogContentBrowser: Native class hierarchy updated for 'AddContentDialog' in 0.0007 seconds. Added 0 classes and 0 folders.
[2019.07.18-07.39.11:128][  0]LogContentBrowser: Native class hierarchy updated for 'SceneOutliner' in 0.0007 seconds. Added 1 classes and 2 folders.
[2019.07.18-07.39.13:778][  0]LogContentBrowser: Native class hierarchy updated for 'WorldBrowser' in 0.0008 seconds. Added 2 classes and 3 folders.
[2019.07.18-07.39.41:811][  0]LogSlate: Took 0.320924 seconds to synchronously load lazily loaded font '../../../Engine/Content/Slate/Fonts/Roboto-Regular.ttf' (155K)
[2019.07.18-07.39.44:458][  0]LogSlate: Took 0.217946 seconds to synchronously load lazily loaded font '../../../Engine/Content/Slate/Fonts/Roboto-Bold.ttf' (160K)
[2019.07.18-07.39.44:777][  0]LogSlate: Took 0.035872 seconds to synchronously load lazily loaded font '../../../Engine/Content/Editor/Slate/Fonts/FontAwesome.ttf' (139K)
[2019.07.18-07.39.53:458][  0]LogRenderer: Reallocating scene render targets to support 1012x288 Format 9 NumSamples 1 (Frame:1).
[2019.07.18-07.40.15:096][  0]LogContentBrowser: Native class hierarchy updated for 'HierarchicalLODOutliner' in 0.0008 seconds. Added 0 classes and 0 folders.
[2019.07.18-07.40.15:097][  0]LogLoad: (Engine Initialization) Total time: 360.04 seconds
[2019.07.18-07.40.15:097][  0]LogLoad: (Engine Initialization) Total Blueprint compile time: 0.00 seconds
[2019.07.18-07.40.18:296][  0]LogContentStreaming: Texture pool size now 1000 MB
[2019.07.18-07.40.19:522][  0]LogSlate: Took 0.059558 seconds to synchronously load lazily loaded font '../../../Engine/Content/Slate/Fonts/Roboto-Light.ttf' (167K)
[2019.07.18-07.40.24:344][  5]LogAssetRegistry: Asset discovery search completed in 283.0698 seconds
[2019.07.18-07.40.24:377][  5]LogCollectionManager: Rebuilt the object cache for 0 collections in 0.000001 seconds (found 0 objects)
[2019.07.18-07.40.24:378][  5]LogCollectionManager: Fixed up redirectors for 0 collections in 0.027231 seconds (updated 0 objects)
[2019.07.18-08.27.46:551][459]LogSlate: FSceneViewport::OnFocusLost() reason 0
[2019.07.18-08.27.48:313][514]LogRenderer: Reallocating scene render targets to support 1012x308 Format 9 NumSamples 1 (Frame:49).
[2019.07.18-08.27.48:408][515]LogRenderer: Reallocating scene render targets to support 1012x316 Format 9 NumSamples 1 (Frame:51).
[2019.07.18-08.27.48:481][516]LogRenderer: Reallocating scene render targets to support 1012x320 Format 9 NumSamples 1 (Frame:53).
[2019.07.18-08.27.51:726][604]LogTemp: Repeating last play command: New Editor Window (PIE)
[2019.07.18-08.27.51:833][604]LogBlueprintUserMessages: Early PlayInEditor Detection: Level '/Game/FirstPersonBP/Maps/FirstPersonExampleMap.FirstPersonExampleMap:PersistentLevel' has LevelScriptBlueprint '/Game/FirstPersonBP/Maps/FirstPersonExampleMap.FirstPersonExampleMap:PersistentLevel.FirstPersonExampleMap' with GeneratedClass '/Game/FirstPersonBP/Maps/FirstPersonExampleMap.FirstPersonExampleMap_C' with ClassGeneratedBy '/Game/FirstPersonBP/Maps/FirstPersonExampleMap.FirstPersonExampleMap:PersistentLevel.FirstPersonExampleMap'
[2019.07.18-08.27.51:861][604]LogPlayLevel: PlayLevel: No blueprints needed recompiling
[2019.07.18-08.27.52:108][604]PIE: New page: PIE session: FirstPersonExampleMap (Jul 17, 2019, 10:27:51 PM)
[2019.07.18-08.27.52:374][604]LogPlayLevel: Creating play world package: /Game/FirstPersonBP/Maps/UEDPIE_0_FirstPersonExampleMap
[2019.07.18-08.27.52:596][604]LogPlayLevel: PIE: StaticDuplicateObject took: (0.220489s)
[2019.07.18-08.27.52:617][604]LogAIModule: Creating AISystem for world FirstPersonExampleMap
[2019.07.18-08.27.52:633][604]LogPlayLevel: PIE: World Init took: (0.036499s)
[2019.07.18-08.27.52:633][604]LogPlayLevel: PIE: Created PIE world by copying editor world from /Game/FirstPersonBP/Maps/FirstPersonExampleMap.FirstPersonExampleMap to /Game/FirstPersonBP/Maps/UEDPIE_0_FirstPersonExampleMap.FirstPersonExampleMap (0.259139s)
[2019.07.18-08.27.52:731][604]LogUObjectHash: Compacting FUObjectHashTables data took   5.91ms
[2019.07.18-08.27.52:874][604]LogInit: XAudio2 using 'Speakers (Realtek High Definition Audio)' : 2 channels at 48 kHz using 32 bits per sample (channel mask 0x3)
[2019.07.18-08.27.53:005][604]LogInit: FAudioDevice initialized.
[2019.07.18-08.27.53:230][604]LogSlate: Updating window title bar state: overlay mode, drag disabled, window buttons hidden, title bar hidden
[2019.07.18-08.27.53:505][604]LogLoad: Game class is 'FirstPersonGameMode_C'
[2019.07.18-08.27.53:733][604]LogWorld: Bringing World /Game/FirstPersonBP/Maps/UEDPIE_0_FirstPersonExampleMap.FirstPersonExampleMap up for play (max tick rate 60) at 2019.07.18-03.27.53
[2019.07.18-08.27.53:948][604]LogWorld: Bringing up level for play took: 0.243568
[2019.07.18-08.27.54:418][604]LogSpawn: Warning: SpawnActor failed because no class was specified
[2019.07.18-08.27.54:666][604]LogContentBrowser: Native class hierarchy updated for 'MovieSceneCapture' in 0.0019 seconds. Added 20 classes and 0 folders.
[2019.07.18-08.27.54:901][604]PIE: Play in editor start time for /Game/FirstPersonBP/Maps/UEDPIE_0_FirstPersonExampleMap 3.224
[2019.07.18-08.27.54:911][604]LogBlueprintUserMessages: Late PlayInEditor Detection: Level '/Game/FirstPersonBP/Maps/FirstPersonExampleMap.FirstPersonExampleMap:PersistentLevel' has LevelScriptBlueprint '/Game/FirstPersonBP/Maps/FirstPersonExampleMap.FirstPersonExampleMap:PersistentLevel.FirstPersonExampleMap' with GeneratedClass '/Game/FirstPersonBP/Maps/FirstPersonExampleMap.FirstPersonExampleMap_C' with ClassGeneratedBy '/Game/FirstPersonBP/Maps/FirstPersonExampleMap.FirstPersonExampleMap:PersistentLevel.FirstPersonExampleMap'
[2019.07.18-08.27.55:417][605]LogRenderer: Reallocating scene render targets to support 1272x688 Format 9 NumSamples 1 (Frame:1).
[2019.07.18-08.28.20:996][ 22]LogBlueprintUserMessages: Early EndPlayMap Detection: Level '/Game/FirstPersonBP/Maps/FirstPersonExampleMap.FirstPersonExampleMap:PersistentLevel' has LevelScriptBlueprint '/Game/FirstPersonBP/Maps/FirstPersonExampleMap.FirstPersonExampleMap:PersistentLevel.FirstPersonExampleMap' with GeneratedClass '/Game/FirstPersonBP/Maps/FirstPersonExampleMap.FirstPersonExampleMap_C' with ClassGeneratedBy '/Game/FirstPersonBP/Maps/FirstPersonExampleMap.FirstPersonExampleMap:PersistentLevel.FirstPersonExampleMap'
[2019.07.18-08.28.21:109][ 22]LogSlate: Updating window title bar state: overlay mode, drag disabled, window buttons hidden, title bar hidden
[2019.07.18-08.28.21:178][ 22]LogSlate: Window 'Project_Delta Game Preview Standalone (64-bit/PCD3D_SM5)' being destroyed
[2019.07.18-08.28.21:544][ 22]LogPlayLevel: Display: Shutting down PIE online subsystems
[2019.07.18-08.28.21:544][ 22]LogBlueprintUserMessages: Late EndPlayMap Detection: Level '/Game/FirstPersonBP/Maps/FirstPersonExampleMap.FirstPersonExampleMap:PersistentLevel' has LevelScriptBlueprint '/Game/FirstPersonBP/Maps/FirstPersonExampleMap.FirstPersonExampleMap:PersistentLevel.FirstPersonExampleMap' with GeneratedClass '/Game/FirstPersonBP/Maps/FirstPersonExampleMap.FirstPersonExampleMap_C' with ClassGeneratedBy '/Game/FirstPersonBP/Maps/FirstPersonExampleMap.FirstPersonExampleMap:PersistentLevel.FirstPersonExampleMap'
[2019.07.18-08.28.21:987][ 22]LogUObjectHash: Compacting FUObjectHashTables data took   4.04ms
[2019.07.18-08.28.22:074][ 23]LogPlayLevel: Display: Destroying online subsystem :Context_4
[2019.07.18-08.28.41:561][535]LogUObjectHash: Compacting FUObjectHashTables data took   2.04ms
[2019.07.18-08.28.41:909][535]LogSlate: Window 'Project_Delta - Unreal Editor' being destroyed
[2019.07.18-08.28.41:928][535]LogWindowsTextInputMethodSystem: Display: IME system now deactivated.
[2019.07.18-08.28.43:571][536]Cmd: QUIT_EDITOR
[2019.07.18-08.28.45:762][536]LogExit: Preparing to exit.
[2019.07.18-08.28.50:162][536]LogExit: Editor shut down
[2019.07.18-08.28.50:165][536]LogExit: Transaction tracking system shut down
[2019.07.18-08.28.56:967][536]LogExit: Object subsystem successfully closed.
[2019.07.18-08.28.57:704][536]LogShaderCompilers: Display: Shaders left to compile 0
[2019.07.18-08.28.57:806][536]LogD3D11RHI: Shutdown
[2019.07.18-08.28.57:806][536]LogD3D11RHI: CleanupD3DDevice
[2019.07.18-08.28.57:832][536]LogRendererCore: FGlobalReadBuffer::ReleaseRHI
[2019.07.18-08.28.57:833][536]LogRendererCore: FGlobalDynamicReadBuffer::Cleanup()
[2019.07.18-08.28.57:889][536]LogRendererCore: FGlobalReadBuffer::ReleaseRHI
[2019.07.18-08.28.57:889][536]LogRendererCore: FGlobalDynamicReadBuffer::Cleanup()
[2019.07.18-08.28.57:889][536]LogRendererCore: FGlobalReadBuffer::ReleaseRHI
[2019.07.18-08.28.57:889][536]LogRendererCore: FGlobalDynamicReadBuffer::Cleanup()
[2019.07.18-08.28.58:326][536]LogD3D11RHI: ~FD3D11DynamicRHI
[2019.07.18-08.29.02:583][536]LogModuleManager: Shutting down and abandoning module MovieSceneCapture (648)
[2019.07.18-08.29.02:583][536]LogModuleManager: Shutting down and abandoning module Voice (646)
[2019.07.18-08.29.02:638][536]LogModuleManager: Shutting down and abandoning module HierarchicalLODOutliner (644)
[2019.07.18-08.29.02:638][536]LogModuleManager: Shutting down and abandoning module WorldBrowser (642)
[2019.07.18-08.29.02:732][536]LogModuleManager: Shutting down and abandoning module SceneOutliner (640)
[2019.07.18-08.29.02:732][536]LogModuleManager: Shutting down and abandoning module AddContentDialog (638)
[2019.07.18-08.29.02:945][536]LogModuleManager: Shutting down and abandoning module WidgetCarousel (637)
[2019.07.18-08.29.02:946][536]LogModuleManager: Shutting down and abandoning module EditorWidgets (634)
[2019.07.18-08.29.02:946][536]LogModuleManager: Shutting down and abandoning module CollectionManager (632)
[2019.07.18-08.29.02:984][536]LogModuleManager: Shutting down and abandoning module StatsViewer (630)
[2019.07.18-08.29.03:061][536]LogModuleManager: Shutting down and abandoning module FoliageEdit (628)
[2019.07.18-08.29.03:117][536]LogModuleManager: Shutting down and abandoning module LandscapeEditor (626)
[2019.07.18-08.29.03:458][536]LogModuleManager: Shutting down and abandoning module MeshPaintMode (624)
[2019.07.18-08.29.03:513][536]LogModuleManager: Shutting down and abandoning module SceneDepthPickerMode (622)
[2019.07.18-08.29.03:513][536]LogModuleManager: Shutting down and abandoning module ActorPickerMode (620)
[2019.07.18-08.29.03:513][536]LogModuleManager: Shutting down and abandoning module GeometryMode (618)
[2019.07.18-08.29.03:513][536]LogModuleManager: Shutting down and abandoning module TextureAlignMode (616)
[2019.07.18-08.29.03:513][536]LogModuleManager: Shutting down and abandoning module BspMode (614)
[2019.07.18-08.29.03:513][536]LogModuleManager: Shutting down and abandoning module PIEPreviewDeviceProfileSelector (612)
[2019.07.18-08.29.03:726][536]LogModuleManager: Shutting down and abandoning module SequenceRecorderSections (610)
[2019.07.18-08.29.03:771][536]LogModuleManager: Shutting down and abandoning module AutomationWorker (608)
[2019.07.18-08.29.03:796][536]LogModuleManager: Shutting down and abandoning module OculusMR (606)
[2019.07.18-08.29.03:796][536]LogModuleManager: Shutting down and abandoning module AudioCaptureEditor (604)
[2019.07.18-08.29.03:837][536]LogModuleManager: Shutting down and abandoning module MatineeToLevelSequence (602)
[2019.07.18-08.29.03:931][536]LogModuleManager: Shutting down and abandoning module LevelSequenceEditor (600)
[2019.07.18-08.29.04:112][536]LogModuleManager: Shutting down and abandoning module PlacementMode (599)
[2019.07.18-08.29.04:112][536]LogModuleManager: Shutting down and abandoning module MaterialEditor (598)
[2019.07.18-08.29.04:412][536]LogModuleManager: Shutting down and abandoning module ActorSequenceEditor (594)
[2019.07.18-08.29.04:583][536]LogModuleManager: Shutting down and abandoning module WmfMediaFactory (592)
[2019.07.18-08.29.04:584][536]LogModuleManager: Shutting down and abandoning module WmfMediaEditor (590)
[2019.07.18-08.29.04:584][536]LogModuleManager: Shutting down and abandoning module WebMMediaFactory (588)
[2019.07.18-08.29.04:584][536]LogModuleManager: Shutting down and abandoning module WebMMediaEditor (586)
[2019.07.18-08.29.04:584][536]LogModuleManager: Shutting down and abandoning module WebMMedia (584)
[2019.07.18-08.29.04:622][536]LogModuleManager: Shutting down and abandoning module MediaPlayerEditor (582)
[2019.07.18-08.29.04:821][536]LogModuleManager: Shutting down and abandoning module MediaCompositingEditor (580)
[2019.07.18-08.29.05:059][536]LogModuleManager: Shutting down and abandoning module SequenceRecorder (579)
[2019.07.18-08.29.05:059][536]LogModuleManager: Shutting down and abandoning module OpenExrWrapper (576)
[2019.07.18-08.29.05:059][536]LogModuleManager: Shutting down and abandoning module ImgMediaFactory (574)
[2019.07.18-08.29.05:059][536]LogModuleManager: Shutting down and abandoning module ImgMediaEditor (572)
[2019.07.18-08.29.05:059][536]LogModuleManager: Shutting down and abandoning module AvfMediaFactory (570)
[2019.07.18-08.29.05:059][536]LogModuleManager: Shutting down and abandoning module AvfMediaEditor (568)
[2019.07.18-08.29.05:059][536]LogModuleManager: Shutting down and abandoning module AndroidMediaFactory (566)
[2019.07.18-08.29.05:059][536]LogModuleManager: Shutting down and abandoning module AndroidMediaEditor (564)
[2019.07.18-08.29.05:059][536]LogModuleManager: Shutting down and abandoning module MagicLeapCameraPreviewFactory (562)
[2019.07.18-08.29.05:060][536]LogModuleManager: Shutting down and abandoning module MagicLeapMediaCodecFactory (560)
[2019.07.18-08.29.05:060][536]LogModuleManager: Shutting down and abandoning module MagicLeapMediaFactory (558)
[2019.07.18-08.29.05:060][536]LogModuleManager: Shutting down and abandoning module MagicLeapMediaEditor (556)
[2019.07.18-08.29.05:060][536]LogModuleManager: Shutting down and abandoning module CharacterAI (554)
[2019.07.18-08.29.05:060][536]LogModuleManager: Shutting down and abandoning module SmartSnapping (552)
[2019.07.18-08.29.05:060][536]LogModuleManager: Shutting down and abandoning module SessionServices (550)
[2019.07.18-08.29.05:060][536]LogModuleManager: Shutting down and abandoning module MeshPaint (548)
[2019.07.18-08.29.05:139][536]LogModuleManager: Shutting down and abandoning module ViewportSnapping (546)
[2019.07.18-08.29.05:139][536]LogModuleManager: Shutting down and abandoning module ViewportInteraction (544)
[2019.07.18-08.29.05:139][536]LogModuleManager: Shutting down and abandoning module ClothPainter (542)
[2019.07.18-08.29.05:375][536]LogModuleManager: Shutting down and abandoning module SkeletalMeshEditor (541)
[2019.07.18-08.29.05:597][536]LogModuleManager: Shutting down and abandoning module LogVisualizer (538)
[2019.07.18-08.29.05:789][536]LogModuleManager: Shutting down and abandoning module IntroTutorials (536)
[2019.07.18-08.29.05:959][536]LogModuleManager: Shutting down and abandoning module GameProjectGeneration (535)
[2019.07.18-08.29.06:052][536]LogModuleManager: Shutting down and abandoning module LuminPlatformEditor (532)
[2019.07.18-08.29.06:052][536]LogModuleManager: Shutting down and abandoning module IOSPlatformEditor (530)
[2019.07.18-08.29.06:053][536]LogModuleManager: Shutting down and abandoning module HTML5PlatformEditor (528)
[2019.07.18-08.29.06:053][536]LogModuleManager: Shutting down and abandoning module AndroidPlatformEditor (526)
[2019.07.18-08.29.06:142][536]LogModuleManager: Shutting down and abandoning module AndroidDeviceDetection (525)
[2019.07.18-08.29.07:311][536]LogModuleManager: Shutting down and abandoning module WindowsPlatformEditor (522)
[2019.07.18-08.29.07:311][536]LogModuleManager: Shutting down and abandoning module LuminRuntimeSettings (520)
[2019.07.18-08.29.07:312][536]LogModuleManager: Shutting down and abandoning module IOSRuntimeSettings (518)
[2019.07.18-08.29.07:312][536]LogModuleManager: Shutting down and abandoning module AndroidRuntimeSettings (516)
[2019.07.18-08.29.07:312][536]LogModuleManager: Shutting down and abandoning module TimeManagementEditor (514)
[2019.07.18-08.29.07:312][536]LogModuleManager: Shutting down and abandoning module InputBindingEditor (512)
[2019.07.18-08.29.07:331][536]LogModuleManager: Shutting down and abandoning module MergeActors (510)
[2019.07.18-08.29.07:693][536]LogModuleManager: Shutting down and abandoning module LocalizationDashboard (508)
[2019.07.18-08.29.07:723][536]LogModuleManager: Shutting down and abandoning module LocalizationService (507)
[2019.07.18-08.29.07:743][536]LogModuleManager: Shutting down and abandoning module HardwareTargeting (504)
[2019.07.18-08.29.07:744][536]LogModuleManager: Shutting down and abandoning module DeviceProfileEditor (502)
[2019.07.18-08.29.07:775][536]LogModuleManager: Shutting down and abandoning module UndoHistory (500)
[2019.07.18-08.29.07:807][536]LogModuleManager: Shutting down and abandoning module XmlParser (498)
[2019.07.18-08.29.07:834][536]LogModuleManager: Shutting down and abandoning module Blutility (496)
[2019.07.18-08.29.07:855][536]LogModuleManager: Shutting down and abandoning module ProjectSettingsViewer (494)
[2019.07.18-08.29.07:855][536]LogModuleManager: Shutting down and abandoning module ProjectTargetPlatformEditor (493)
[2019.07.18-08.29.07:856][536]LogModuleManager: Shutting down and abandoning module EditorSettingsViewer (490)
[2019.07.18-08.29.07:856][536]LogModuleManager: Shutting down and abandoning module SettingsEditor (488)
[2019.07.18-08.29.07:899][536]LogModuleManager: Shutting down and abandoning module ProjectLauncher (486)
[2019.07.18-08.29.07:978][536]LogModuleManager: Shutting down and abandoning module SessionFrontend (484)
[2019.07.18-08.29.07:996][536]LogModuleManager: Shutting down and abandoning module ProfilerClient (482)
[2019.07.18-08.29.08:031][536]LogModuleManager: Shutting down and abandoning module DeviceManager (480)
[2019.07.18-08.29.08:062][536]LogModuleManager: Shutting down and abandoning module TargetDeviceServices (479)
[2019.07.18-08.29.08:106][536]LogModuleManager: Shutting down and abandoning module AutomationController (476)
[2019.07.18-08.29.08:159][536]LogModuleManager: Shutting down and abandoning module AutomationWindow (474)
[2019.07.18-08.29.08:216][536]LogModuleManager: Shutting down and abandoning module Layers (472)
[2019.07.18-08.29.08:360][536]LogModuleManager: Shutting down and abandoning module ComponentVisualizers (470)
[2019.07.18-08.29.08:360][536]LogModuleManager: Shutting down and abandoning module DetailCustomizations (468)
[2019.07.18-08.29.08:424][536]LogModuleManager: Shutting down and abandoning module PackagesDialog (466)
[2019.07.18-08.29.08:462][536]LogModuleManager: Shutting down and abandoning module AnimationBlueprintEditor (464)
[2019.07.18-08.29.08:711][536]LogModuleManager: Shutting down and abandoning module Persona (462)
[2019.07.18-08.29.08:824][536]LogModuleManager: Shutting down and abandoning module AdvancedPreviewScene (461)
[2019.07.18-08.29.08:825][536]LogModuleManager: Shutting down and abandoning module AnimGraph (459)
[2019.07.18-08.29.08:825][536]LogModuleManager: Shutting down and abandoning module Kismet (456)
[2019.07.18-08.29.09:068][536]LogModuleManager: Shutting down and abandoning module GraphEditor (454)
[2019.07.18-08.29.09:282][536]LogModuleManager: Shutting down and abandoning module ClassViewer (452)
[2019.07.18-08.29.09:283][536]LogModuleManager: Shutting down and abandoning module Toolbox (450)
[2019.07.18-08.29.09:283][536]LogModuleManager: Shutting down and abandoning module ModuleUI (448)
[2019.07.18-08.29.09:329][536]LogModuleManager: Shutting down and abandoning module MovieSceneTools (446)
[2019.07.18-08.29.09:358][536]LogModuleManager: Shutting down and abandoning module OutputLog (444)
[2019.07.18-08.29.09:358][536]LogModuleManager: Shutting down and abandoning module GammaUI (442)
[2019.07.18-08.29.09:393][536]LogModuleManager: Shutting down and abandoning module Documentation (440)
[2019.07.18-08.29.09:393][536]LogModuleManager: Shutting down and abandoning module LiveCoding (438)
[2019.07.18-08.29.09:544][536]LogModuleManager: Shutting down and abandoning module LevelSequence (436)
[2019.07.18-08.29.09:544][536]LogModuleManager: Shutting down and abandoning module MovieSceneTracks (434)
[2019.07.18-08.29.09:544][536]LogModuleManager: Shutting down and abandoning module MovieScene (432)
[2019.07.18-08.29.09:563][536]LogModuleManager: Shutting down and abandoning module StreamingPauseRendering (430)
[2019.07.18-08.29.09:590][536]LogModuleManager: Shutting down and abandoning module LauncherPlatform (428)
[2019.07.18-08.29.09:590][536]LogModuleManager: Shutting down and abandoning module AnalyticsET (426)
[2019.07.18-08.29.09:590][536]LogModuleManager: Shutting down and abandoning module PortalServices (424)
[2019.07.18-08.29.09:590][536]LogModuleManager: Shutting down and abandoning module PortalRpc (422)
[2019.07.18-08.29.09:590][536]LogModuleManager: Shutting down and abandoning module MessagingRpc (420)
[2019.07.18-08.29.09:590][536]LogModuleManager: Shutting down and abandoning module AIModule (418)
[2019.07.18-08.29.09:590][536]LogModuleManager: Shutting down and abandoning module GameplayDebugger (417)
[2019.07.18-08.29.09:590][536]LogModuleManager: Shutting down and abandoning module AITestSuite (415)
[2019.07.18-08.29.09:621][536]LogModuleManager: Shutting down and abandoning module NavigationSystem (413)
[2019.07.18-08.29.09:621][536]LogModuleManager: Shutting down and abandoning module DesktopPlatform (410)
[2019.07.18-08.29.09:622][536]LogModuleManager: Shutting down and abandoning module ImageWriteQueue (408)
[2019.07.18-08.29.09:629][536]LogModuleManager: Shutting down and abandoning module ProfilerService (406)
[2019.07.18-08.29.09:755][536]LogModuleManager: Shutting down and abandoning module TaskGraph (404)
[2019.07.18-08.29.09:843][536]LogModuleManager: Shutting down and abandoning module SteamVRController (402)
[2019.07.18-08.29.09:843][536]LogModuleManager: Shutting down and abandoning module ProceduralMeshComponentEditor (400)
[2019.07.18-08.29.09:873][536]LogModuleManager: Shutting down and abandoning module ProceduralMeshComponent (398)
[2019.07.18-08.29.09:923][536]LogModuleManager: Shutting down and abandoning module OculusEditor (396)
[2019.07.18-08.29.09:959][536]LogModuleManager: Shutting down and abandoning module OculusInput (394)
[2019.07.18-08.29.09:959][536]LogModuleManager: Shutting down and abandoning module MobilePatchingUtils (392)
[2019.07.18-08.29.09:959][536]LogModuleManager: Shutting down and abandoning module EditableMesh (390)
[2019.07.18-08.29.09:997][536]LogModuleManager: Shutting down and abandoning module CustomMeshComponent (388)
[2019.07.18-08.29.09:997][536]LogModuleManager: Shutting down and abandoning module CableComponent (386)
[2019.07.18-08.29.10:025][536]LogModuleManager: Shutting down and abandoning module AudioCapture (384)
[2019.07.18-08.29.10:026][536]LogModuleManager: Shutting down and abandoning module ArchVisCharacter (382)
[2019.07.18-08.29.10:026][536]LogModuleManager: Shutting down and abandoning module AndroidPermission (380)
[2019.07.18-08.29.10:026][536]LogModuleManager: Shutting down and abandoning module NUTUnrealEngine4 (378)
[2019.07.18-08.29.10:060][536]LogModuleManager: Shutting down and abandoning module NetcodeUnitTest (376)
[2019.07.18-08.29.10:171][536]LogModuleManager: Shutting down and abandoning module MediaCompositing (374)
[2019.07.18-08.29.10:171][536]LogModuleManager: Shutting down and abandoning module LinearTimecode (372)
[2019.07.18-08.29.10:171][536]LogModuleManager: Shutting down and abandoning module ImgMedia (370)
[2019.07.18-08.29.10:171][536]LogModuleManager: Shutting down and abandoning module MagicLeapHelperVulkan (368)
[2019.07.18-08.29.10:171][536]LogModuleManager: Shutting down and abandoning module MagicLeapHelperOpenGL (366)
[2019.07.18-08.29.10:222][536]LogModuleManager: Shutting down and abandoning module MagicLeapAudio (364)
[2019.07.18-08.29.10:245][536]LogModuleManager: Shutting down and abandoning module HTML5Networking (362)
[2019.07.18-08.29.10:245][536]LogModuleManager: Shutting down and abandoning module GeometryCacheTracks (360)
[2019.07.18-08.29.10:245][536]LogModuleManager: Shutting down and abandoning module GeometryCacheSequencer (358)
[2019.07.18-08.29.10:245][536]LogModuleManager: Shutting down and abandoning module BackChannel (356)
[2019.07.18-08.29.10:291][536]LogModuleManager: Shutting down and abandoning module AppleVision (354)
[2019.07.18-08.29.10:291][536]LogModuleManager: Shutting down and abandoning module AppleImageUtilsBlueprintSupport (352)
[2019.07.18-08.29.10:292][536]LogModuleManager: Shutting down and abandoning module AppleImageUtils (350)
[2019.07.18-08.29.10:292][536]LogModuleManager: Shutting down and abandoning module AlembicImporter (348)
[2019.07.18-08.29.10:292][536]LogModuleManager: Shutting down and abandoning module AlembicLibrary (347)
[2019.07.18-08.29.10:292][536]LogModuleManager: Shutting down and abandoning module GeometryCache (346)
[2019.07.18-08.29.10:292][536]LogModuleManager: Shutting down and abandoning module GeometryCacheEd (345)
[2019.07.18-08.29.10:292][536]LogModuleManager: Shutting down and abandoning module VariantManagerContent (340)
[2019.07.18-08.29.10:292][536]LogModuleManager: Shutting down and abandoning module DatasmithContentEditor (338)
[2019.07.18-08.29.10:345][536]LogModuleManager: Shutting down and abandoning module SpeedTreeImporter (336)
[2019.07.18-08.29.10:346][536]LogModuleManager: Shutting down and abandoning module PluginBrowser (334)
[2019.07.18-08.29.10:503][536]LogModuleManager: Shutting down and abandoning module MobileLauncherProfileWizard (332)
[2019.07.18-08.29.10:551][536]LogModuleManager: Shutting down and abandoning module MaterialAnalyzer (330)
[2019.07.18-08.29.10:594][536]LogModuleManager: Shutting down and abandoning module CryptoKeysOpenSSL (328)
[2019.07.18-08.29.10:594][536]LogModuleManager: Shutting down and abandoning module CryptoKeys (326)
[2019.07.18-08.29.10:594][536]LogModuleManager: Shutting down and abandoning module VisualStudioSourceCodeAccess (324)
[2019.07.18-08.29.10:621][536]LogModuleManager: Shutting down and abandoning module VisualStudioCodeSourceCodeAccess (322)
[2019.07.18-08.29.10:622][536]LogModuleManager: Shutting down and abandoning module UObjectPlugin (320)
[2019.07.18-08.29.10:622][536]LogModuleManager: Shutting down and abandoning module SubversionSourceControl (318)
[2019.07.18-08.29.10:750][536]LogModuleManager: Shutting down and abandoning module PerforceSourceControl (316)
[2019.07.18-08.29.10:814][536]LogModuleManager: Shutting down and abandoning module GitSourceControl (314)
[2019.07.18-08.29.10:869][536]LogModuleManager: Shutting down and abandoning module SourceControl (313)
[2019.07.18-08.29.10:905][536]LogModuleManager: Shutting down and abandoning module CLionSourceCodeAccess (310)
[2019.07.18-08.29.10:905][536]LogModuleManager: Shutting down and abandoning module AnimationSharingEd (308)
[2019.07.18-08.29.10:905][536]LogModuleManager: Shutting down and abandoning module ActorLayerUtilitiesEditor (306)
[2019.07.18-08.29.10:906][536]LogModuleManager: Shutting down and abandoning module ActorLayerUtilities (304)
[2019.07.18-08.29.10:906][536]LogModuleManager: Shutting down and abandoning module LightPropagationVolumeEditor (302)
[2019.07.18-08.29.10:906][536]LogModuleManager: Shutting down and abandoning module PaperTiledImporter (300)
[2019.07.18-08.29.10:906][536]LogModuleManager: Shutting down and abandoning module PaperSpriteSheetImporter (298)
[2019.07.18-08.29.10:906][536]LogModuleManager: Shutting down and abandoning module Paper2DEditor (296)
[2019.07.18-08.29.11:118][536]LogModuleManager: Shutting down and abandoning module SignificanceManager (294)
[2019.07.18-08.29.11:118][536]LogModuleManager: Shutting down and abandoning module RuntimePhysXCooking (292)
[2019.07.18-08.29.11:118][536]LogModuleManager: Shutting down and abandoning module PhysXVehiclesEditor (290)
[2019.07.18-08.29.11:118][536]LogModuleManager: Shutting down and abandoning module PhysXVehicles (288)
[2019.07.18-08.29.11:118][536]LogModuleManager: Shutting down and abandoning module LocationServicesBPLibrary (286)
[2019.07.18-08.29.11:118][536]LogModuleManager: Shutting down and abandoning module ActorSequence (284)
[2019.07.18-08.29.11:118][536]LogModuleManager: Shutting down and abandoning module UdpMessaging (282)
[2019.07.18-08.29.11:219][536]LogModuleManager: Shutting down and abandoning module TcpMessaging (280)
[2019.07.18-08.29.11:396][536]LogModuleManager: Shutting down and abandoning module MagicLeapIdentity (278)
[2019.07.18-08.29.11:396][536]LogModuleManager: Shutting down and abandoning module MagicLeapSecureStorage (276)
[2019.07.18-08.29.11:396][536]LogModuleManager: Shutting down and abandoning module MagicLeapHandTracking (274)
[2019.07.18-08.29.11:431][536]LogModuleManager: Shutting down and abandoning module MagicLeapEyeTracker (272)
[2019.07.18-08.29.11:431][536]LogModuleManager: Shutting down and abandoning module MagicLeapController (270)
[2019.07.18-08.29.11:458][536]LogSlate: Slate User Destroyed.  User Index 0, Is Virtual User: 0
[2019.07.18-08.29.11:458][536]LogModuleManager: Shutting down and abandoning module MagicLeapAR (268)
[2019.07.18-08.29.11:459][536]LogModuleManager: Shutting down and abandoning module AugmentedReality (267)
[2019.07.18-08.29.11:459][536]LogModuleManager: Shutting down and abandoning module GameplayTagsEditor (264)
[2019.07.18-08.29.11:491][536]LogModuleManager: Shutting down and abandoning module FacialAnimationEditor (262)
[2019.07.18-08.29.11:492][536]LogModuleManager: Shutting down and abandoning module FacialAnimation (260)
[2019.07.18-08.29.11:492][536]LogModuleManager: Shutting down and abandoning module DataValidation (258)
[2019.07.18-08.29.11:492][536]LogModuleManager: Shutting down and abandoning module AssetManagerEditor (256)
[2019.07.18-08.29.11:561][536]LogModuleManager: Shutting down and abandoning module LevelEditor (255)
[2019.07.18-08.29.11:602][536]LogModuleManager: Shutting down and abandoning module PixelInspectorModule (254)
[2019.07.18-08.29.11:655][536]LogModuleManager: Shutting down and abandoning module CommonMenuExtensions (252)
[2019.07.18-08.29.11:655][536]LogModuleManager: Shutting down and abandoning module MainFrame (250)
[2019.07.18-08.29.11:656][536]LogModuleManager: Shutting down and abandoning module HotReload (249)
[2019.07.18-08.29.11:672][536]LogModuleManager: Shutting down and abandoning module ContentBrowser (245)
[2019.07.18-08.29.11:676][536]LogModuleManager: Shutting down and abandoning module TreeMap (243)
[2019.07.18-08.29.11:699][536]LogModuleManager: Shutting down and abandoning module AnimationSharing (240)
[2019.07.18-08.29.11:699][536]LogModuleManager: Shutting down and abandoning module LightPropagationVolumeRuntime (238)
[2019.07.18-08.29.11:699][536]LogModuleManager: Shutting down and abandoning module AISupportModule (236)
[2019.07.18-08.29.11:699][536]LogModuleManager: Shutting down and abandoning module Paper2D (234)
[2019.07.18-08.29.11:727][536]LogModuleManager: Shutting down and abandoning module WindowsMoviePlayer (232)
[2019.07.18-08.29.11:786][536]LogModuleManager: Shutting down and abandoning module WebMMoviePlayer (230)
[2019.07.18-08.29.11:829][536]LogModuleManager: Shutting down and abandoning module PacketHandler (228)
[2019.07.18-08.29.11:829][536]LogModuleManager: Shutting down and abandoning module ClothingSystemEditor (226)
[2019.07.18-08.29.11:829][536]LogModuleManager: Shutting down and abandoning module ClothingSystemRuntime (224)
[2019.07.18-08.29.11:951][536]LogModuleManager: Shutting down and abandoning module MediaAssets (222)
[2019.07.18-08.29.11:951][536]LogModuleManager: Shutting down and abandoning module Overlay (220)
[2019.07.18-08.29.11:951][536]LogModuleManager: Shutting down and abandoning module OverlayEditor (219)
[2019.07.18-08.29.11:951][536]LogModuleManager: Shutting down and abandoning module VREditor (216)
[2019.07.18-08.29.12:044][536]LogModuleManager: Shutting down and abandoning module StringTableEditor (214)
[2019.07.18-08.29.12:100][536]LogModuleManager: Shutting down and abandoning module GameplayTasksEditor (212)
[2019.07.18-08.29.12:100][536]LogModuleManager: Shutting down and abandoning module BehaviorTreeEditor (210)
[2019.07.18-08.29.12:155][536]LogModuleManager: Shutting down and abandoning module FunctionalTesting (208)
[2019.07.18-08.29.12:198][536]LogModuleManager: Shutting down and abandoning module CollisionAnalyzer (206)
[2019.07.18-08.29.12:298][536]LogModuleManager: Shutting down and abandoning module WorkspaceMenuStructure (205)
[2019.07.18-08.29.12:328][536]LogModuleManager: Shutting down and abandoning module UMG (202)
[2019.07.18-08.29.12:369][536]LogModuleManager: Shutting down and abandoning module UMGEditor (201)
[2019.07.18-08.29.12:445][536]LogModuleManager: Shutting down and abandoning module Sequencer (200)
[2019.07.18-08.29.12:745][536]LogModuleManager: Shutting down and abandoning module MessageLog (197)
[2019.07.18-08.29.12:745][536]LogModuleManager: Shutting down and abandoning module SlateReflector (192)
[2019.07.18-08.29.12:987][536]LogModuleManager: Shutting down and abandoning module Slate (190)
[2019.07.18-08.29.12:987][536]LogModuleManager: Shutting down and abandoning module EditorStyle (188)
[2019.07.18-08.29.12:999][536]LogModuleManager: Shutting down and abandoning module UnrealEd (186)
[2019.07.18-08.29.13:025][536]LogModuleManager: Shutting down and abandoning module MRMesh (184)
[2019.07.18-08.29.13:025][536]LogModuleManager: Shutting down and abandoning module SourceCodeAccess (182)
[2019.07.18-08.29.13:025][536]LogModuleManager: Shutting down and abandoning module HeadMountedDisplay (180)
[2019.07.18-08.29.13:026][536]LogModuleManager: Shutting down and abandoning module XAudio2 (178)
[2019.07.18-08.29.13:026][536]LogModuleManager: Shutting down and abandoning module Networking (176)
[2019.07.18-08.29.13:026][536]LogModuleManager: Shutting down and abandoning module Core (174)
[2019.07.18-08.29.13:026][536]LogModuleManager: Shutting down and abandoning module KismetCompiler (172)
[2019.07.18-08.29.13:026][536]LogModuleManager: Shutting down and abandoning module MeshUtilities (170)
[2019.07.18-08.29.13:026][536]LogModuleManager: Shutting down and abandoning module MeshMergeUtilities (169)
[2019.07.18-08.29.13:046][536]LogModuleManager: Shutting down and abandoning module MeshReductionInterface (168)
[2019.07.18-08.29.13:046][536]LogModuleManager: Shutting down and abandoning module SkeletalMeshReduction (167)
[2019.07.18-08.29.13:076][536]LogModuleManager: Shutting down and abandoning module ProxyLODMeshReduction (165)
[2019.07.18-08.29.13:202][536]LogModuleManager: Shutting down and abandoning module QuadricMeshReduction (163)
[2019.07.18-08.29.13:246][536]LogModuleManager: Shutting down and abandoning module MaterialBaking (159)
[2019.07.18-08.29.13:254][536]LogModuleManager: Shutting down and abandoning module DerivedDataCache (154)
[2019.07.18-08.29.13:256][536]LogDerivedDataCache: Shutdown
[2019.07.18-08.29.13:256][536]LogModuleManager: Shutting down and abandoning module XGEController (152)
[2019.07.18-08.29.13:256][536]LogXGEController: Cleaning working directory: C:/Users/rober/AppData/Local/Temp/UnrealXGEWorkingDir/
[2019.07.18-08.29.13:296][536]LogModuleManager: Shutting down and abandoning module TargetPlatform (150)
[2019.07.18-08.29.13:328][536]LogModuleManager: Shutting down and abandoning module VulkanShaderFormat (149)
[2019.07.18-08.29.13:359][536]LogModuleManager: Shutting down and abandoning module ShaderFormatVectorVM (147)
[2019.07.18-08.29.13:382][536]LogModuleManager: Shutting down and abandoning module ShaderFormatOpenGL (145)
[2019.07.18-08.29.13:410][536]LogModuleManager: Shutting down and abandoning module ShaderFormatD3D (143)
[2019.07.18-08.29.13:447][536]LogModuleManager: Shutting down and abandoning module MetalShaderFormat (141)
[2019.07.18-08.29.13:526][536]LogModuleManager: Shutting down and abandoning module TextureFormatUncompressed (139)
[2019.07.18-08.29.13:526][536]LogModuleManager: Shutting down and abandoning module TextureFormatPVR (137)
[2019.07.18-08.29.13:526][536]LogModuleManager: Shutting down and abandoning module TextureFormatDXT (135)
[2019.07.18-08.29.13:548][536]LogModuleManager: Shutting down and abandoning module TextureFormatIntelISPCTexComp (133)
[2019.07.18-08.29.13:601][536]LogModuleManager: Shutting down and abandoning module TextureFormatASTC (131)
[2019.07.18-08.29.13:601][536]LogModuleManager: Shutting down and abandoning module ImageWrapper (130)
[2019.07.18-08.29.13:601][536]LogModuleManager: Shutting down and abandoning module TextureFormatAndroid (127)
[2019.07.18-08.29.13:601][536]LogModuleManager: Shutting down and abandoning module AudioFormatOpus (125)
[2019.07.18-08.29.13:630][536]LogModuleManager: Shutting down and abandoning module AudioFormatOgg (123)
[2019.07.18-08.29.13:630][536]LogModuleManager: Shutting down and abandoning module AudioFormatADPCM (121)
[2019.07.18-08.29.13:643][536]LogModuleManager: Shutting down and abandoning module LuminTargetPlatform (119)
[2019.07.18-08.29.13:692][536]LogModuleManager: Shutting down and abandoning module LinuxTargetPlatform (117)
[2019.07.18-08.29.13:693][536]LogModuleManager: Shutting down and abandoning module LinuxServerTargetPlatform (115)
[2019.07.18-08.29.13:751][536]LogModuleManager: Shutting down and abandoning module LinuxNoEditorTargetPlatform (113)
[2019.07.18-08.29.13:804][536]LogModuleManager: Shutting down and abandoning module LinuxClientTargetPlatform (111)
[2019.07.18-08.29.13:878][536]LogModuleManager: Shutting down and abandoning module TVOSTargetPlatform (109)
[2019.07.18-08.29.13:889][536]LogModuleManager: Shutting down and abandoning module Messaging (107)
[2019.07.18-08.29.13:889][536]LogModuleManager: Shutting down and abandoning module IOSTargetPlatform (105)
[2019.07.18-08.29.13:896][536]LogModuleManager: Shutting down and abandoning module HTML5TargetPlatform (103)
[2019.07.18-08.29.13:897][536]LogModuleManager: Shutting down and abandoning module AndroidTargetPlatform (101)
[2019.07.18-08.29.13:969][536]LogModuleManager: Shutting down and abandoning module WindowsTargetPlatform (99)
[2019.07.18-08.29.13:969][536]LogModuleManager: Shutting down and abandoning module WindowsServerTargetPlatform (97)
[2019.07.18-08.29.13:969][536]LogModuleManager: Shutting down and abandoning module WindowsNoEditorTargetPlatform (95)
[2019.07.18-08.29.13:969][536]LogModuleManager: Shutting down and abandoning module WindowsClientTargetPlatform (93)
[2019.07.18-08.29.13:969][536]LogModuleManager: Shutting down and abandoning module MacTargetPlatform (91)
[2019.07.18-08.29.13:969][536]LogModuleManager: Shutting down and abandoning module MacServerTargetPlatform (89)
[2019.07.18-08.29.13:969][536]LogModuleManager: Shutting down and abandoning module MacNoEditorTargetPlatform (87)
[2019.07.18-08.29.13:969][536]LogModuleManager: Shutting down and abandoning module MacClientTargetPlatform (85)
[2019.07.18-08.29.13:969][536]LogModuleManager: Shutting down and abandoning module AllDesktopTargetPlatform (83)
[2019.07.18-08.29.13:970][536]LogModuleManager: Shutting down and abandoning module InputCore (80)
[2019.07.18-08.29.13:970][536]LogModuleManager: Shutting down and abandoning module Settings (78)
[2019.07.18-08.29.13:970][536]LogModuleManager: Shutting down and abandoning module DirectoryWatcher (76)
[2019.07.18-08.29.13:971][536]LogModuleManager: Shutting down and abandoning module PhysXCooking (74)
[2019.07.18-08.29.13:972][536]LogModuleManager: Shutting down and abandoning module SteamVR (72)
[2019.07.18-08.29.14:002][536]LogHMD: Freeing OpenVRDLLHandle.
[2019.07.18-08.29.14:003][536]LogModuleManager: Shutting down and abandoning module OculusHMD (70)
[2019.07.18-08.29.14:021][536]LogModuleManager: Shutting down and abandoning module ExampleDeviceProfileSelector (68)
[2019.07.18-08.29.14:021][536]LogModuleManager: Shutting down and abandoning module LauncherChunkInstaller (66)
[2019.07.18-08.29.14:021][536]LogModuleManager: Shutting down and abandoning module OnlineBlueprintSupport (64)
[2019.07.18-08.29.14:021][536]LogModuleManager: Shutting down and abandoning module OnlineSubsystem (60)
[2019.07.18-08.29.14:023][536]LogModuleManager: Shutting down and abandoning module XMPP (55)
[2019.07.18-08.29.14:057][536]LogModuleManager: Shutting down and abandoning module WebSockets (54)
[2019.07.18-08.29.14:138][536]LogModuleManager: Shutting down and abandoning module HTTP (51)
[2019.07.18-08.29.14:138][536]LogHttp: Display: Http module shutting down, but needs to wait on 1 outstanding Http requests:
[2019.07.18-08.29.14:138][536]LogHttp: Display: 	verb=[POST] url=[https://datarouter.ol.epicgames.com/datarouter/api/v1/public/data?SessionID=%7B64DF72E5-409D-CA10-3282-3A88CE1CEC5E%7D&AppID=UEEditor.Rocket.Release&AppVersion=4.22.3-7053642%2B%2B%2BUE4%2BRelease-4.22&UserID=98d56c7346a85cfb434e3a94f93993e3%7C267fff419ae7450c842416fce22cc49e%7C05828ada-d7ba-4665-947f-5eb3f05507ac&AppEnvironment=datacollector-binary&UploadType=eteventstream] status=Processing
[2019.07.18-08.29.14:163][536]LogModuleManager: Shutting down and abandoning module SSL (50)
[2019.07.18-08.29.14:166][536]LogModuleManager: Shutting down and abandoning module WmfMedia (46)
[2019.07.18-08.29.14:190][536]LogModuleManager: Shutting down and abandoning module Media (45)
[2019.07.18-08.29.14:197][536]LogModuleManager: Shutting down and abandoning module MagicLeap (42)
[2019.07.18-08.29.14:220][536]LogModuleManager: Shutting down and abandoning module DatasmithContent (40)
[2019.07.18-08.29.14:221][536]LogModuleManager: Shutting down and abandoning module AnimationModifiers (38)
[2019.07.18-08.29.14:288][536]LogModuleManager: Shutting down and abandoning module PropertyEditor (37)
[2019.07.18-08.29.14:446][536]LogModuleManager: Shutting down and abandoning module AudioEditor (34)
[2019.07.18-08.29.14:562][536]LogModuleManager: Shutting down and abandoning module TextureCompressor (32)
[2019.07.18-08.29.14:675][536]LogModuleManager: Shutting down and abandoning module RenderCore (30)
[2019.07.18-08.29.14:675][536]LogModuleManager: Shutting down and abandoning module Landscape (28)
[2019.07.18-08.29.14:676][536]LogModuleManager: Shutting down and abandoning module SlateRHIRenderer (26)
[2019.07.18-08.29.14:771][536]LogModuleManager: Shutting down and abandoning module OpenGLDrv (24)
[2019.07.18-08.29.14:823][536]LogModuleManager: Shutting down and abandoning module D3D11RHI (22)
[2019.07.18-08.29.14:823][536]LogModuleManager: Shutting down and abandoning module AnimGraphRuntime (20)
[2019.07.18-08.29.14:864][536]LogModuleManager: Shutting down and abandoning module Renderer (18)
[2019.07.18-08.29.14:864][536]LogModuleManager: Shutting down and abandoning module Engine (16)
[2019.07.18-08.29.14:864][536]LogModuleManager: Shutting down and abandoning module CoreUObject (14)
[2019.07.18-08.29.14:864][536]LogModuleManager: Shutting down and abandoning module NetworkFile (12)
[2019.07.18-08.29.14:888][536]LogModuleManager: Shutting down and abandoning module CookedIterativeFile (10)
[2019.07.18-08.29.14:888][536]LogModuleManager: Shutting down and abandoning module StreamingFile (8)
[2019.07.18-08.29.14:903][536]LogModuleManager: Shutting down and abandoning module SandboxFile (6)
[2019.07.18-08.29.14:904][536]LogModuleManager: Shutting down and abandoning module PakFile (4)
[2019.07.18-08.29.14:943][536]LogModuleManager: Shutting down and abandoning module RSA (3)
[2019.07.18-08.29.15:047][536]LogExit: Exiting.
[2019.07.18-08.29.15:179][536]Log file closed, 07/18/19 03:29:15
